Using pre-set license
Built from '2021.3/staging' branch; Version is '2021.3.3f1 (af2e63e8f9bd) revision 11480675'; Using compiler version '192829333'; Build Type 'Release'
OS: 'Windows 11  (10.0.22000) 64bit Core' Language: 'en' Physical Memory: 65371 MB
BatchMode: 1, IsHumanControllingUs: 0, StartBugReporterOnCrash: 0, Is64bit: 1, IsPro: 1

COMMAND LINE ARGUMENTS:
C:\Program Files\Unity\Hub\Editor\2021.3.3f1\Editor\Unity.exe
-adb2
-batchMode
-noUpm
-name
AssetImportWorker1
-projectPath
D:/Everything/Parsons 2018-2022/2021 Junior 2nd sem/Games/Blizz/Bliss_Basic Interaction. V0.3
-logFile
Logs/AssetImportWorker1.log
-srvPort
58626
Successfully changed project path to: D:/Everything/Parsons 2018-2022/2021 Junior 2nd sem/Games/Blizz/Bliss_Basic Interaction. V0.3
D:/Everything/Parsons 2018-2022/2021 Junior 2nd sem/Games/Blizz/Bliss_Basic Interaction. V0.3
[UnityMemory] Configuration Parameters - Can be set up in boot.config
    "memorysetup-bucket-allocator-granularity=16"
    "memorysetup-bucket-allocator-bucket-count=8"
    "memorysetup-bucket-allocator-block-size=33554432"
    "memorysetup-bucket-allocator-block-count=8"
    "memorysetup-main-allocator-block-size=16777216"
    "memorysetup-thread-allocator-block-size=16777216"
    "memorysetup-gfx-main-allocator-block-size=16777216"
    "memorysetup-gfx-thread-allocator-block-size=16777216"
    "memorysetup-cache-allocator-block-size=4194304"
    "memorysetup-typetree-allocator-block-size=2097152"
    "memorysetup-profiler-bucket-allocator-granularity=16"
    "memorysetup-profiler-bucket-allocator-bucket-count=8"
    "memorysetup-profiler-bucket-allocator-block-size=33554432"
    "memorysetup-profiler-bucket-allocator-block-count=8"
    "memorysetup-profiler-allocator-block-size=16777216"
    "memorysetup-profiler-editor-allocator-block-size=1048576"
    "memorysetup-temp-allocator-size-main=16777216"
    "memorysetup-job-temp-allocator-block-size=2097152"
    "memorysetup-job-temp-allocator-block-size-background=1048576"
    "memorysetup-job-temp-allocator-reduction-small-platforms=262144"
    "memorysetup-temp-allocator-size-background-worker=32768"
    "memorysetup-temp-allocator-size-job-worker=262144"
    "memorysetup-temp-allocator-size-preload-manager=33554432"
    "memorysetup-temp-allocator-size-nav-mesh-worker=65536"
    "memorysetup-temp-allocator-size-audio-worker=65536"
    "memorysetup-temp-allocator-size-cloud-worker=32768"
    "memorysetup-temp-allocator-size-gi-baking-worker=262144"
    "memorysetup-temp-allocator-size-gfx=262144"
Refreshing native plugins compatible for Editor in 130.94 ms, found 4 plugins.
Preloading 0 native plugins for Editor in 0.00 ms.
Initialize engine version: 2021.3.3f1 (af2e63e8f9bd)
[Subsystems] Discovering subsystems at path C:/Program Files/Unity/Hub/Editor/2021.3.3f1/Editor/Data/Resources/UnitySubsystems
[Subsystems] Discovering subsystems at path D:/Everything/Parsons 2018-2022/2021 Junior 2nd sem/Games/Blizz/Bliss_Basic Interaction. V0.3/Assets
GfxDevice: creating device client; threaded=0; jobified=0
Direct3D:
    Version:  Direct3D 11.0 [level 11.1]
    Renderer: NVIDIA GeForce RTX 3070 Laptop GPU (ID=0x24dd)
    Vendor:   NVIDIA
    VRAM:     8044 MB
    Driver:   31.0.15.1659
Initialize mono
Mono path[0] = 'C:/Program Files/Unity/Hub/Editor/2021.3.3f1/Editor/Data/Managed'
Mono path[1] = 'C:/Program Files/Unity/Hub/Editor/2021.3.3f1/Editor/Data/MonoBleedingEdge/lib/mono/unityjit-win32'
Mono config path = 'C:/Program Files/Unity/Hub/Editor/2021.3.3f1/Editor/Data/MonoBleedingEdge/etc'
Using monoOptions --debugger-agent=transport=dt_socket,embedding=1,server=y,suspend=n,address=127.0.0.1:56244
Begin MonoManager ReloadAssembly
Registering precompiled unity dll's ...
Register platform support module: C:/Program Files/Unity/Hub/Editor/2021.3.3f1/Editor/Data/PlaybackEngines/WebGLSupport/UnityEditor.WebGL.Extensions.dll
Register platform support module: C:/Program Files/Unity/Hub/Editor/2021.3.3f1/Editor/Data/PlaybackEngines/WindowsStandaloneSupport/UnityEditor.WindowsStandalone.Extensions.dll
Registered in 0.004671 seconds.
Native extension for WindowsStandalone target not found
Native extension for WebGL target not found
Refreshing native plugins compatible for Editor in 124.51 ms, found 4 plugins.
Preloading 0 native plugins for Editor in 0.00 ms.
Mono: successfully reloaded assembly
- Completed reload, in  0.739 seconds
Domain Reload Profiling:
	ReloadAssembly (740ms)
		BeginReloadAssembly (73ms)
			ExecutionOrderSort (0ms)
			DisableScriptedObjects (0ms)
			BackupInstance (0ms)
			ReleaseScriptingObjects (0ms)
			CreateAndSetChildDomain (1ms)
		EndReloadAssembly (545ms)
			LoadAssemblies (70ms)
			RebuildTransferFunctionScriptingTraits (0ms)
			SetupTypeCache (105ms)
			ReleaseScriptCaches (0ms)
			RebuildScriptCaches (40ms)
			SetupLoadedEditorAssemblies (342ms)
				LogAssemblyErrors (0ms)
				InitializePlatformSupportModulesInManaged (9ms)
				SetLoadedEditorAssemblies (0ms)
				RefreshPlugins (125ms)
				BeforeProcessingInitializeOnLoad (1ms)
				ProcessInitializeOnLoadAttributes (157ms)
				ProcessInitializeOnLoadMethodAttributes (50ms)
				AfterProcessingInitializeOnLoad (0ms)
				EditorAssembliesLoaded (0ms)
			ExecutionOrderSort2 (0ms)
			AwakeInstancesAfterBackupRestoration (0ms)
Platform modules already initialized, skipping
Registering precompiled user dll's ...
Registered in 0.003486 seconds.
Begin MonoManager ReloadAssembly
Native extension for WindowsStandalone target not found
Native extension for WebGL target not found
Refreshing native plugins compatible for Editor in 189.13 ms, found 4 plugins.
Preloading 0 native plugins for Editor in 0.00 ms.
Mono: successfully reloaded assembly
- Completed reload, in  1.539 seconds
Domain Reload Profiling:
	ReloadAssembly (1540ms)
		BeginReloadAssembly (122ms)
			ExecutionOrderSort (0ms)
			DisableScriptedObjects (5ms)
			BackupInstance (0ms)
			ReleaseScriptingObjects (0ms)
			CreateAndSetChildDomain (21ms)
		EndReloadAssembly (1302ms)
			LoadAssemblies (89ms)
			RebuildTransferFunctionScriptingTraits (0ms)
			SetupTypeCache (312ms)
			ReleaseScriptCaches (1ms)
			RebuildScriptCaches (100ms)
			SetupLoadedEditorAssemblies (748ms)
				LogAssemblyErrors (0ms)
				InitializePlatformSupportModulesInManaged (7ms)
				SetLoadedEditorAssemblies (0ms)
				RefreshPlugins (189ms)
				BeforeProcessingInitializeOnLoad (146ms)
				ProcessInitializeOnLoadAttributes (342ms)
				ProcessInitializeOnLoadMethodAttributes (58ms)
				AfterProcessingInitializeOnLoad (5ms)
				EditorAssembliesLoaded (0ms)
			ExecutionOrderSort2 (0ms)
			AwakeInstancesAfterBackupRestoration (5ms)
Platform modules already initialized, skipping
========================================================================
Worker process is ready to serve import requests
Launched and connected shader compiler UnityShaderCompiler.exe after 0.10 seconds
Refreshing native plugins compatible for Editor in 2.91 ms, found 4 plugins.
Preloading 0 native plugins for Editor in 0.00 ms.
Unloading 6180 Unused Serialized files (Serialized files now loaded: 0)
Unloading 55 unused Assets / (3.9 MB). Loaded Objects now: 6636.
Memory consumption went from 283.5 MB to 279.5 MB.
Total: 10.353300 ms (FindLiveObjects: 0.751600 ms CreateObjectMapping: 0.554900 ms MarkObjects: 6.830200 ms  DeleteObjects: 2.209700 ms)

AssetImportParameters requested are different than current active one (requested -> active):
  custom:video-decoder-ogg-theora: a1e56fd34408186e4bbccfd4996cb3dc -> 
  custom:container-muxer-webm: aa71ff27fc2769a1b78a27578f13a17b -> 
  custom:container-demuxer-webm: 4f35f7cbe854078d1ac9338744f61a02 -> 
  custom:video-encoder-webm-vp8: eb34c28f22e8b96e1ab97ce403110664 -> 
  custom:video-codec-MediaFoundation-h265: 746d11721c4dcdbdad8f713fa42b33f4 -> 
  custom:audio-encoder-webm-vorbis: bf7c407c2cedff20999df2af8eb42d56 -> 
  custom:framework-win-MediaFoundation: 216162199b28c13a410421893ffa2e32 -> 
  custom:container-demuxer-ogg: 62fdf1f143b41e24485cea50d1cbac27 -> 
  custom:video-decoder-webm-vp8: 9c59270c3fd7afecdb556c50c9e8de78 -> 
  custom:audio-decoder-ogg-vorbis: bf7c407c2cedff20999df2af8eb42d56 -> 
========================================================================
Received Import Request.
  Time since last request: 1657759.063228 seconds.
  path: Assets/Audio/Windows XP Error.wav
  artifactKey: Guid(02f5efd25c2fe164abda0fba46379ec8) Importer(815301076,1909f56bfc062723c751e8b465ee728b)
Start importing Assets/Audio/Windows XP Error.wav using Guid(02f5efd25c2fe164abda0fba46379ec8) Importer(815301076,1909f56bfc062723c751e8b465ee728b)  -> (artifact id: 'd33e9c1c722b1435df41c9a73fdfd0e5') in 0.250195 seconds 
========================================================================
Received Import Request.
  Time since last request: 0.000031 seconds.
  path: Assets/Audio/Phase 2 Glitch sound fx.mp3
  artifactKey: Guid(14141b6f5573c0247855d13ce1f8bda8) Importer(815301076,1909f56bfc062723c751e8b465ee728b)
Start importing Assets/Audio/Phase 2 Glitch sound fx.mp3 using Guid(14141b6f5573c0247855d13ce1f8bda8) Importer(815301076,1909f56bfc062723c751e8b465ee728b)  -> (artifact id: 'f31f79d09debdd92356f3cddb6353789') in 0.092131 seconds 
========================================================================
Received Import Request.
  Time since last request: 0.000071 seconds.
  path: Assets/Audio/Phase 2 music.mp3
  artifactKey: Guid(2aa2b2ead0fbd2643a6e2624ec634e61) Importer(815301076,1909f56bfc062723c751e8b465ee728b)
Start importing Assets/Audio/Phase 2 music.mp3 using Guid(2aa2b2ead0fbd2643a6e2624ec634e61) Importer(815301076,1909f56bfc062723c751e8b465ee728b)  -> (artifact id: '372d4791ba2870ad4dc0e49ef0b36691') in 0.023141 seconds 
========================================================================
Received Import Request.
  Time since last request: 0.000063 seconds.
  path: Assets/HDRPDefaultResources
  artifactKey: Guid(f1d1207b3a62b7c4d9bf8cfa459b9ad1) Importer(815301076,1909f56bfc062723c751e8b465ee728b)
Start importing Assets/HDRPDefaultResources using Guid(f1d1207b3a62b7c4d9bf8cfa459b9ad1) Importer(815301076,1909f56bfc062723c751e8b465ee728b)  -> (artifact id: '2261fc26dbd96e5f0db0649e939126e6') in 0.013975 seconds 
========================================================================
Received Import Request.
  Time since last request: 0.000056 seconds.
  path: Assets/Art
  artifactKey: Guid(e86a79b2275bcd04293f612b5300d51f) Importer(815301076,1909f56bfc062723c751e8b465ee728b)
Start importing Assets/Art using Guid(e86a79b2275bcd04293f612b5300d51f) Importer(815301076,1909f56bfc062723c751e8b465ee728b)  -> (artifact id: 'f5fccbc825d4532ae53c6ee6f055ed1d') in 0.009045 seconds 
========================================================================
Received Import Request.
  Time since last request: 0.000038 seconds.
  path: Assets/Audio/Windows XP Ding.wav
  artifactKey: Guid(4917beefe1f78774392783fc986ad9d5) Importer(815301076,1909f56bfc062723c751e8b465ee728b)
Start importing Assets/Audio/Windows XP Ding.wav using Guid(4917beefe1f78774392783fc986ad9d5) Importer(815301076,1909f56bfc062723c751e8b465ee728b)  -> (artifact id: 'b59b69e699a90c4a577557d6078b31c1') in 0.024911 seconds 
========================================================================
Received Import Request.
  Time since last request: 0.000098 seconds.
  path: Assets/HDRP/DefaultLookDevProfile.asset
  artifactKey: Guid(7b2e8ca36c7722b4a8a2ef67208cd5e7) Importer(815301076,1909f56bfc062723c751e8b465ee728b)
Start importing Assets/HDRP/DefaultLookDevProfile.asset using Guid(7b2e8ca36c7722b4a8a2ef67208cd5e7) Importer(815301076,1909f56bfc062723c751e8b465ee728b)  -> (artifact id: 'f46c78ac75720a80ee45e7b72496dbca') in 0.025152 seconds 
========================================================================
Received Import Request.
  Time since last request: 0.000035 seconds.
  path: Assets/Audio/Phase 1 ambience.mp3
  artifactKey: Guid(1e8f2ce3e7edfba4ead0592ec63ad6f4) Importer(815301076,1909f56bfc062723c751e8b465ee728b)
Start importing Assets/Audio/Phase 1 ambience.mp3 using Guid(1e8f2ce3e7edfba4ead0592ec63ad6f4) Importer(815301076,1909f56bfc062723c751e8b465ee728b)  -> (artifact id: 'aeab9b9788aa245be66f9416595a1b1c') in 0.031887 seconds 
========================================================================
Received Import Request.
  Time since last request: 0.000116 seconds.
  path: Assets/Audio/Windows XP Click.wav
  artifactKey: Guid(b05f4427f2f16d24880b2366a04bce57) Importer(815301076,1909f56bfc062723c751e8b465ee728b)
Start importing Assets/Audio/Windows XP Click.wav using Guid(b05f4427f2f16d24880b2366a04bce57) Importer(815301076,1909f56bfc062723c751e8b465ee728b)  -> (artifact id: 'd35a5d323e4f35206957b4aa1f5651db') in 0.039877 seconds 
========================================================================
Received Import Request.
  Time since last request: 0.000034 seconds.
  path: Assets/HDRP
  artifactKey: Guid(b1b1fdd054d6dfb4ca2b60468285fa16) Importer(815301076,1909f56bfc062723c751e8b465ee728b)
Start importing Assets/HDRP using Guid(b1b1fdd054d6dfb4ca2b60468285fa16) Importer(815301076,1909f56bfc062723c751e8b465ee728b)  -> (artifact id: 'b4e21a4f823df7c70b8d228e42374087') in 0.010078 seconds 
========================================================================
Received Import Request.
  Time since last request: 0.000038 seconds.
  path: Assets/Audio/Windows XP Startup.wav
  artifactKey: Guid(f7512a23cc31dca4f9baf13752320dc4) Importer(815301076,1909f56bfc062723c751e8b465ee728b)
Start importing Assets/Audio/Windows XP Startup.wav using Guid(f7512a23cc31dca4f9baf13752320dc4) Importer(815301076,1909f56bfc062723c751e8b465ee728b)  -> (artifact id: '29c9ca658359f51ea6804aad881468ef') in 0.023130 seconds 
========================================================================
Received Import Request.
  Time since last request: 0.000809 seconds.
  path: Assets/Audio/Windows XP Alert.wav
  artifactKey: Guid(c192b9066c2375d48b337dc556894d36) Importer(815301076,1909f56bfc062723c751e8b465ee728b)
Start importing Assets/Audio/Windows XP Alert.wav using Guid(c192b9066c2375d48b337dc556894d36) Importer(815301076,1909f56bfc062723c751e8b465ee728b)  -> (artifact id: '5841fa683d5f2551de0c2015e923a175') in 0.024207 seconds 
========================================================================
Received Prepare
Registering precompiled user dll's ...
Registered in 0.006201 seconds.
Begin MonoManager ReloadAssembly
Native extension for WindowsStandalone target not found
Native extension for WebGL target not found
Refreshing native plugins compatible for Editor in 1.25 ms, found 4 plugins.
Preloading 0 native plugins for Editor in 0.00 ms.
Mono: successfully reloaded assembly
- Completed reload, in  1.612 seconds
Domain Reload Profiling:
	ReloadAssembly (1613ms)
		BeginReloadAssembly (165ms)
			ExecutionOrderSort (0ms)
			DisableScriptedObjects (7ms)
			BackupInstance (0ms)
			ReleaseScriptingObjects (0ms)
			CreateAndSetChildDomain (53ms)
		EndReloadAssembly (1304ms)
			LoadAssemblies (91ms)
			RebuildTransferFunctionScriptingTraits (0ms)
			SetupTypeCache (404ms)
			ReleaseScriptCaches (4ms)
			RebuildScriptCaches (92ms)
			SetupLoadedEditorAssemblies (589ms)
				LogAssemblyErrors (0ms)
				InitializePlatformSupportModulesInManaged (20ms)
				SetLoadedEditorAssemblies (1ms)
				RefreshPlugins (1ms)
				BeforeProcessingInitializeOnLoad (130ms)
				ProcessInitializeOnLoadAttributes (386ms)
				ProcessInitializeOnLoadMethodAttributes (44ms)
				AfterProcessingInitializeOnLoad (8ms)
				EditorAssembliesLoaded (0ms)
			ExecutionOrderSort2 (0ms)
			AwakeInstancesAfterBackupRestoration (16ms)
Platform modules already initialized, skipping
Refreshing native plugins compatible for Editor in 2.73 ms, found 4 plugins.
Preloading 0 native plugins for Editor in 0.00 ms.
Unloading 5865 Unused Serialized files (Serialized files now loaded: 0)
Unloading 48 unused Assets / (3.9 MB). Loaded Objects now: 6647.
Memory consumption went from 270.7 MB to 266.7 MB.
Total: 5.225200 ms (FindLiveObjects: 0.507700 ms CreateObjectMapping: 0.313500 ms MarkObjects: 3.518000 ms  DeleteObjects: 0.884200 ms)

AssetImportParameters requested are different than current active one (requested -> active):
  custom:video-decoder-ogg-theora: a1e56fd34408186e4bbccfd4996cb3dc -> 
  custom:container-muxer-webm: aa71ff27fc2769a1b78a27578f13a17b -> 
  custom:container-demuxer-webm: 4f35f7cbe854078d1ac9338744f61a02 -> 
  custom:video-encoder-webm-vp8: eb34c28f22e8b96e1ab97ce403110664 -> 
  custom:video-codec-MediaFoundation-h265: 746d11721c4dcdbdad8f713fa42b33f4 -> 
  custom:audio-encoder-webm-vorbis: bf7c407c2cedff20999df2af8eb42d56 -> 
  custom:framework-win-MediaFoundation: 216162199b28c13a410421893ffa2e32 -> 
  custom:container-demuxer-ogg: 62fdf1f143b41e24485cea50d1cbac27 -> 
  custom:video-decoder-webm-vp8: 9c59270c3fd7afecdb556c50c9e8de78 -> 
  custom:audio-decoder-ogg-vorbis: bf7c407c2cedff20999df2af8eb42d56 -> 
Editor requested this worker to shutdown with reason: Scaling down because of idle timeout
AssetImportWorker is now disconnected from the server
Process exiting
Exiting without the bug reporter. Application will terminate with return code 0