Using pre-set license
Built from '2021.3/staging' branch; Version is '2021.3.3f1 (af2e63e8f9bd) revision 11480675'; Using compiler version '192829333'; Build Type 'Release'
OS: 'Windows 11  (10.0.22000) 64bit Core' Language: 'en' Physical Memory: 65371 MB
BatchMode: 1, IsHumanControllingUs: 0, StartBugReporterOnCrash: 0, Is64bit: 1, IsPro: 1

COMMAND LINE ARGUMENTS:
C:\Program Files\Unity\Hub\Editor\2021.3.3f1\Editor\Unity.exe
-adb2
-batchMode
-noUpm
-name
AssetImportWorker3
-projectPath
D:/Everything/Parsons 2018-2022/2021 Junior 2nd sem/Games/Blizz/Bliss_Basic Interaction. V0.3
-logFile
Logs/AssetImportWorker3.log
-srvPort
58626
Successfully changed project path to: D:/Everything/Parsons 2018-2022/2021 Junior 2nd sem/Games/Blizz/Bliss_Basic Interaction. V0.3
D:/Everything/Parsons 2018-2022/2021 Junior 2nd sem/Games/Blizz/Bliss_Basic Interaction. V0.3
[UnityMemory] Configuration Parameters - Can be set up in boot.config
    "memorysetup-bucket-allocator-granularity=16"
    "memorysetup-bucket-allocator-bucket-count=8"
    "memorysetup-bucket-allocator-block-size=33554432"
    "memorysetup-bucket-allocator-block-count=8"
    "memorysetup-main-allocator-block-size=16777216"
    "memorysetup-thread-allocator-block-size=16777216"
    "memorysetup-gfx-main-allocator-block-size=16777216"
    "memorysetup-gfx-thread-allocator-block-size=16777216"
    "memorysetup-cache-allocator-block-size=4194304"
    "memorysetup-typetree-allocator-block-size=2097152"
    "memorysetup-profiler-bucket-allocator-granularity=16"
    "memorysetup-profiler-bucket-allocator-bucket-count=8"
    "memorysetup-profiler-bucket-allocator-block-size=33554432"
    "memorysetup-profiler-bucket-allocator-block-count=8"
    "memorysetup-profiler-allocator-block-size=16777216"
    "memorysetup-profiler-editor-allocator-block-size=1048576"
    "memorysetup-temp-allocator-size-main=16777216"
    "memorysetup-job-temp-allocator-block-size=2097152"
    "memorysetup-job-temp-allocator-block-size-background=1048576"
    "memorysetup-job-temp-allocator-reduction-small-platforms=262144"
    "memorysetup-temp-allocator-size-background-worker=32768"
    "memorysetup-temp-allocator-size-job-worker=262144"
    "memorysetup-temp-allocator-size-preload-manager=33554432"
    "memorysetup-temp-allocator-size-nav-mesh-worker=65536"
    "memorysetup-temp-allocator-size-audio-worker=65536"
    "memorysetup-temp-allocator-size-cloud-worker=32768"
    "memorysetup-temp-allocator-size-gi-baking-worker=262144"
    "memorysetup-temp-allocator-size-gfx=262144"
Refreshing native plugins compatible for Editor in 157.10 ms, found 4 plugins.
Preloading 0 native plugins for Editor in 0.00 ms.
Initialize engine version: 2021.3.3f1 (af2e63e8f9bd)
[Subsystems] Discovering subsystems at path C:/Program Files/Unity/Hub/Editor/2021.3.3f1/Editor/Data/Resources/UnitySubsystems
[Subsystems] Discovering subsystems at path D:/Everything/Parsons 2018-2022/2021 Junior 2nd sem/Games/Blizz/Bliss_Basic Interaction. V0.3/Assets
GfxDevice: creating device client; threaded=0; jobified=0
Direct3D:
    Version:  Direct3D 11.0 [level 11.1]
    Renderer: NVIDIA GeForce RTX 3070 Laptop GPU (ID=0x24dd)
    Vendor:   NVIDIA
    VRAM:     8044 MB
    Driver:   31.0.15.1659
Initialize mono
Mono path[0] = 'C:/Program Files/Unity/Hub/Editor/2021.3.3f1/Editor/Data/Managed'
Mono path[1] = 'C:/Program Files/Unity/Hub/Editor/2021.3.3f1/Editor/Data/MonoBleedingEdge/lib/mono/unityjit-win32'
Mono config path = 'C:/Program Files/Unity/Hub/Editor/2021.3.3f1/Editor/Data/MonoBleedingEdge/etc'
Using monoOptions --debugger-agent=transport=dt_socket,embedding=1,server=y,suspend=n,address=127.0.0.1:56120
Begin MonoManager ReloadAssembly
Registering precompiled unity dll's ...
Register platform support module: C:/Program Files/Unity/Hub/Editor/2021.3.3f1/Editor/Data/PlaybackEngines/WebGLSupport/UnityEditor.WebGL.Extensions.dll
Register platform support module: C:/Program Files/Unity/Hub/Editor/2021.3.3f1/Editor/Data/PlaybackEngines/WindowsStandaloneSupport/UnityEditor.WindowsStandalone.Extensions.dll
Registered in 0.004246 seconds.
Native extension for WindowsStandalone target not found
Native extension for WebGL target not found
Refreshing native plugins compatible for Editor in 133.60 ms, found 4 plugins.
Preloading 0 native plugins for Editor in 0.00 ms.
Mono: successfully reloaded assembly
- Completed reload, in  0.742 seconds
Domain Reload Profiling:
	ReloadAssembly (742ms)
		BeginReloadAssembly (68ms)
			ExecutionOrderSort (0ms)
			DisableScriptedObjects (0ms)
			BackupInstance (0ms)
			ReleaseScriptingObjects (0ms)
			CreateAndSetChildDomain (1ms)
		EndReloadAssembly (562ms)
			LoadAssemblies (65ms)
			RebuildTransferFunctionScriptingTraits (0ms)
			SetupTypeCache (122ms)
			ReleaseScriptCaches (0ms)
			RebuildScriptCaches (27ms)
			SetupLoadedEditorAssemblies (351ms)
				LogAssemblyErrors (0ms)
				InitializePlatformSupportModulesInManaged (8ms)
				SetLoadedEditorAssemblies (0ms)
				RefreshPlugins (134ms)
				BeforeProcessingInitializeOnLoad (2ms)
				ProcessInitializeOnLoadAttributes (154ms)
				ProcessInitializeOnLoadMethodAttributes (53ms)
				AfterProcessingInitializeOnLoad (0ms)
				EditorAssembliesLoaded (0ms)
			ExecutionOrderSort2 (0ms)
			AwakeInstancesAfterBackupRestoration (0ms)
Platform modules already initialized, skipping
Registering precompiled user dll's ...
Registered in 0.004594 seconds.
Begin MonoManager ReloadAssembly
Native extension for WindowsStandalone target not found
Native extension for WebGL target not found
Refreshing native plugins compatible for Editor in 366.25 ms, found 4 plugins.
Preloading 0 native plugins for Editor in 0.00 ms.
Mono: successfully reloaded assembly
- Completed reload, in  3.251 seconds
Domain Reload Profiling:
	ReloadAssembly (3252ms)
		BeginReloadAssembly (258ms)
			ExecutionOrderSort (0ms)
			DisableScriptedObjects (15ms)
			BackupInstance (0ms)
			ReleaseScriptingObjects (0ms)
			CreateAndSetChildDomain (32ms)
		EndReloadAssembly (2640ms)
			LoadAssemblies (209ms)
			RebuildTransferFunctionScriptingTraits (0ms)
			SetupTypeCache (979ms)
			ReleaseScriptCaches (2ms)
			RebuildScriptCaches (210ms)
			SetupLoadedEditorAssemblies (1202ms)
				LogAssemblyErrors (0ms)
				InitializePlatformSupportModulesInManaged (13ms)
				SetLoadedEditorAssemblies (0ms)
				RefreshPlugins (366ms)
				BeforeProcessingInitializeOnLoad (308ms)
				ProcessInitializeOnLoadAttributes (455ms)
				ProcessInitializeOnLoadMethodAttributes (53ms)
				AfterProcessingInitializeOnLoad (5ms)
				EditorAssembliesLoaded (0ms)
			ExecutionOrderSort2 (0ms)
			AwakeInstancesAfterBackupRestoration (7ms)
Platform modules already initialized, skipping
========================================================================
Worker process is ready to serve import requests
Launched and connected shader compiler UnityShaderCompiler.exe after 0.05 seconds
Refreshing native plugins compatible for Editor in 1.81 ms, found 4 plugins.
Preloading 0 native plugins for Editor in 0.00 ms.
Unloading 6180 Unused Serialized files (Serialized files now loaded: 0)
Unloading 55 unused Assets / (3.9 MB). Loaded Objects now: 6636.
Memory consumption went from 283.5 MB to 279.5 MB.
Total: 10.719100 ms (FindLiveObjects: 0.810000 ms CreateObjectMapping: 0.629100 ms MarkObjects: 6.993000 ms  DeleteObjects: 2.284100 ms)

AssetImportParameters requested are different than current active one (requested -> active):
  custom:video-decoder-ogg-theora: a1e56fd34408186e4bbccfd4996cb3dc -> 
  custom:container-muxer-webm: aa71ff27fc2769a1b78a27578f13a17b -> 
  custom:container-demuxer-webm: 4f35f7cbe854078d1ac9338744f61a02 -> 
  custom:video-encoder-webm-vp8: eb34c28f22e8b96e1ab97ce403110664 -> 
  custom:video-codec-MediaFoundation-h265: 746d11721c4dcdbdad8f713fa42b33f4 -> 
  custom:audio-encoder-webm-vorbis: bf7c407c2cedff20999df2af8eb42d56 -> 
  custom:framework-win-MediaFoundation: 216162199b28c13a410421893ffa2e32 -> 
  custom:container-demuxer-ogg: 62fdf1f143b41e24485cea50d1cbac27 -> 
  custom:video-decoder-webm-vp8: 9c59270c3fd7afecdb556c50c9e8de78 -> 
  custom:audio-decoder-ogg-vorbis: bf7c407c2cedff20999df2af8eb42d56 -> 
========================================================================
Received Prepare
Registering precompiled user dll's ...
Registered in 0.005335 seconds.
Begin MonoManager ReloadAssembly
Native extension for WindowsStandalone target not found
Native extension for WebGL target not found
Refreshing native plugins compatible for Editor in 1.56 ms, found 4 plugins.
Preloading 0 native plugins for Editor in 0.00 ms.
Mono: successfully reloaded assembly
- Completed reload, in  1.622 seconds
Domain Reload Profiling:
	ReloadAssembly (1622ms)
		BeginReloadAssembly (168ms)
			ExecutionOrderSort (0ms)
			DisableScriptedObjects (7ms)
			BackupInstance (0ms)
			ReleaseScriptingObjects (0ms)
			CreateAndSetChildDomain (53ms)
		EndReloadAssembly (1321ms)
			LoadAssemblies (108ms)
			RebuildTransferFunctionScriptingTraits (0ms)
			SetupTypeCache (418ms)
			ReleaseScriptCaches (3ms)
			RebuildScriptCaches (80ms)
			SetupLoadedEditorAssemblies (599ms)
				LogAssemblyErrors (0ms)
				InitializePlatformSupportModulesInManaged (19ms)
				SetLoadedEditorAssemblies (1ms)
				RefreshPlugins (2ms)
				BeforeProcessingInitializeOnLoad (127ms)
				ProcessInitializeOnLoadAttributes (402ms)
				ProcessInitializeOnLoadMethodAttributes (41ms)
				AfterProcessingInitializeOnLoad (7ms)
				EditorAssembliesLoaded (0ms)
			ExecutionOrderSort2 (0ms)
			AwakeInstancesAfterBackupRestoration (18ms)
Platform modules already initialized, skipping
Refreshing native plugins compatible for Editor in 2.55 ms, found 4 plugins.
Preloading 0 native plugins for Editor in 0.00 ms.
Unloading 5865 Unused Serialized files (Serialized files now loaded: 0)
Unloading 48 unused Assets / (3.9 MB). Loaded Objects now: 6639.
Memory consumption went from 266.5 MB to 262.6 MB.
Total: 5.691100 ms (FindLiveObjects: 0.465500 ms CreateObjectMapping: 0.380700 ms MarkObjects: 3.901500 ms  DeleteObjects: 0.942300 ms)

AssetImportParameters requested are different than current active one (requested -> active):
  custom:video-decoder-ogg-theora: a1e56fd34408186e4bbccfd4996cb3dc -> 
  custom:container-muxer-webm: aa71ff27fc2769a1b78a27578f13a17b -> 
  custom:container-demuxer-webm: 4f35f7cbe854078d1ac9338744f61a02 -> 
  custom:video-encoder-webm-vp8: eb34c28f22e8b96e1ab97ce403110664 -> 
  custom:video-codec-MediaFoundation-h265: 746d11721c4dcdbdad8f713fa42b33f4 -> 
  custom:audio-encoder-webm-vorbis: bf7c407c2cedff20999df2af8eb42d56 -> 
  custom:framework-win-MediaFoundation: 216162199b28c13a410421893ffa2e32 -> 
  custom:container-demuxer-ogg: 62fdf1f143b41e24485cea50d1cbac27 -> 
  custom:video-decoder-webm-vp8: 9c59270c3fd7afecdb556c50c9e8de78 -> 
  custom:audio-decoder-ogg-vorbis: bf7c407c2cedff20999df2af8eb42d56 -> 
========================================================================
Received Import Request.
  Time since last request: 1657899.163948 seconds.
  path: Assets/3D/David with HOLES.fbx
  artifactKey: Guid(40f576d631858c64b946ea2223e45672) Importer(815301076,1909f56bfc062723c751e8b465ee728b)
Start importing Assets/3D/David with HOLES.fbx using Guid(40f576d631858c64b946ea2223e45672) Importer(815301076,1909f56bfc062723c751e8b465ee728b)  -> (artifact id: 'e064b7c804dab4ed564c6116fdf6dbc8') in 3.260611 seconds 
========================================================================
Received Import Request.
  Time since last request: 0.000034 seconds.
  path: Assets/3D/#/4.fbx
  artifactKey: Guid(18cc5bb6b96efbb4d9eb237bc1893d4c) Importer(815301076,1909f56bfc062723c751e8b465ee728b)
Start importing Assets/3D/#/4.fbx using Guid(18cc5bb6b96efbb4d9eb237bc1893d4c) Importer(815301076,1909f56bfc062723c751e8b465ee728b)  -> (artifact id: 'ed71573c60f16569ffd76c46e765f73f') in 0.439439 seconds 
========================================================================
Received Import Request.
  Time since last request: 0.000039 seconds.
  path: Assets/3D/#/1.fbx
  artifactKey: Guid(839008764ba5a6d4ca65874dd25c2468) Importer(815301076,1909f56bfc062723c751e8b465ee728b)
Start importing Assets/3D/#/1.fbx using Guid(839008764ba5a6d4ca65874dd25c2468) Importer(815301076,1909f56bfc062723c751e8b465ee728b)  -> (artifact id: 'f07d907d918a381342efd5b90bf9da58') in 0.054361 seconds 
========================================================================
Received Import Request.
  Time since last request: 0.000031 seconds.
  path: Assets/3D/#/0.fbx
  artifactKey: Guid(0ef23bbd62e23cd459981903714c08ac) Importer(815301076,1909f56bfc062723c751e8b465ee728b)
Start importing Assets/3D/#/0.fbx using Guid(0ef23bbd62e23cd459981903714c08ac) Importer(815301076,1909f56bfc062723c751e8b465ee728b)  -> (artifact id: '60ece54559634e212fe38e41b5178230') in 0.061116 seconds 
========================================================================
Received Import Request.
  Time since last request: 0.000034 seconds.
  path: Assets/3D/#/2.fbx
  artifactKey: Guid(926a661dd17287049959b9516f49ac98) Importer(815301076,1909f56bfc062723c751e8b465ee728b)
Start importing Assets/3D/#/2.fbx using Guid(926a661dd17287049959b9516f49ac98) Importer(815301076,1909f56bfc062723c751e8b465ee728b)  -> (artifact id: 'b2cce45965a1ea272d19f1d645e38502') in 0.057472 seconds 
========================================================================
Received Import Request.
  Time since last request: 0.000039 seconds.
  path: Assets/3D/#
  artifactKey: Guid(5eb062e4a84b3504fa366d427563dcc7) Importer(815301076,1909f56bfc062723c751e8b465ee728b)
Start importing Assets/3D/# using Guid(5eb062e4a84b3504fa366d427563dcc7) Importer(815301076,1909f56bfc062723c751e8b465ee728b)  -> (artifact id: 'eff91baa3ddac039d4e3db691ed6dba4') in 0.006883 seconds 
========================================================================
Received Import Request.
  Time since last request: 0.042803 seconds.
  path: Assets/3D/Assets
  artifactKey: Guid(422a1ce9b2101274faa671d61f98a05f) Importer(815301076,1909f56bfc062723c751e8b465ee728b)
Start importing Assets/3D/Assets using Guid(422a1ce9b2101274faa671d61f98a05f) Importer(815301076,1909f56bfc062723c751e8b465ee728b)  -> (artifact id: 'b183548798b22625a60388397c129dd3') in 0.005852 seconds 
========================================================================
Received Import Request.
  Time since last request: 0.058692 seconds.
  path: Assets/3D/Assets/Restart.fbx
  artifactKey: Guid(227838cc0f4926e4bb818db6c5fc748b) Importer(815301076,1909f56bfc062723c751e8b465ee728b)
Start importing Assets/3D/Assets/Restart.fbx using Guid(227838cc0f4926e4bb818db6c5fc748b) Importer(815301076,1909f56bfc062723c751e8b465ee728b)  -> (artifact id: 'd9a11f2d7e923841a8df568e77403be7') in 0.043855 seconds 
========================================================================
Received Import Request.
  Time since last request: 1.704756 seconds.
  path: Assets/3D/Environment/grass on terrain 2.fbx
  artifactKey: Guid(4884419e70d14474badfb62a522257c2) Importer(815301076,1909f56bfc062723c751e8b465ee728b)
Start importing Assets/3D/Environment/grass on terrain 2.fbx using Guid(4884419e70d14474badfb62a522257c2) Importer(815301076,1909f56bfc062723c751e8b465ee728b)  -> (artifact id: '3696702efa85498fa1a7e3b5263c86aa') in 5.355740 seconds 
========================================================================
Received Import Request.
  Time since last request: 26.472873 seconds.
  path: Assets/WinXP/Paper.mat
  artifactKey: Guid(2afc2eff4e233b44bb69e417a131cc8f) Importer(815301076,1909f56bfc062723c751e8b465ee728b)
Start importing Assets/WinXP/Paper.mat using Guid(2afc2eff4e233b44bb69e417a131cc8f) Importer(815301076,1909f56bfc062723c751e8b465ee728b)  -> (artifact id: 'bc67605caae62b1c60751b437ba45aaf') in 0.257165 seconds 
========================================================================
Received Import Request.
  Time since last request: 8.690527 seconds.
  path: Assets/Textures/Drive/Drive_Drive_BaseColor.1001.png
  artifactKey: Guid(1b7cbe818ea16c24799f9491322799a6) Importer(815301076,1909f56bfc062723c751e8b465ee728b)
Start importing Assets/Textures/Drive/Drive_Drive_BaseColor.1001.png using Guid(1b7cbe818ea16c24799f9491322799a6) Importer(815301076,1909f56bfc062723c751e8b465ee728b)  -> (artifact id: '05e0b98c1daa42a0dd8cb2393065df29') in 0.031242 seconds 
========================================================================
Received Import Request.
  Time since last request: 0.000058 seconds.
  path: Assets/Textures/Drive/Drive_DrvieDoor_BaseColor.1001.png
  artifactKey: Guid(42b0657040b47ef41b2032eb650c5bc2) Importer(815301076,1909f56bfc062723c751e8b465ee728b)
Start importing Assets/Textures/Drive/Drive_DrvieDoor_BaseColor.1001.png using Guid(42b0657040b47ef41b2032eb650c5bc2) Importer(815301076,1909f56bfc062723c751e8b465ee728b)  -> (artifact id: '712e7065207e1fc15e0b265c287be015') in 0.089541 seconds 
========================================================================
Received Import Request.
  Time since last request: 0.000034 seconds.
  path: Assets/Textures/Drive/Drive_Drive_Roughness.1001.png
  artifactKey: Guid(5d68db27e5b710c419200c2533fc44e1) Importer(815301076,1909f56bfc062723c751e8b465ee728b)
Start importing Assets/Textures/Drive/Drive_Drive_Roughness.1001.png using Guid(5d68db27e5b710c419200c2533fc44e1) Importer(815301076,1909f56bfc062723c751e8b465ee728b)  -> (artifact id: '930eba33ddce1c3f54b1a12f63350e0f') in 0.037355 seconds 
========================================================================
Received Import Request.
  Time since last request: 1.850031 seconds.
  path: Assets/Textures/Folders/Folder_lambert10_Normal.1001.png
  artifactKey: Guid(eb9859ecfdbee7247a5c5ab2c4929858) Importer(815301076,1909f56bfc062723c751e8b465ee728b)
Start importing Assets/Textures/Folders/Folder_lambert10_Normal.1001.png using Guid(eb9859ecfdbee7247a5c5ab2c4929858) Importer(815301076,1909f56bfc062723c751e8b465ee728b)  -> (artifact id: 'e728b790deedbafe8870daef7bb2c424') in 0.019889 seconds 
========================================================================
Received Import Request.
  Time since last request: 1.370622 seconds.
  path: Assets/Textures/Glitch/noise glitch 2.jpg
  artifactKey: Guid(4b3acb25c8e3fa54c86cdd967e52fa6d) Importer(815301076,1909f56bfc062723c751e8b465ee728b)
Start importing Assets/Textures/Glitch/noise glitch 2.jpg using Guid(4b3acb25c8e3fa54c86cdd967e52fa6d) Importer(815301076,1909f56bfc062723c751e8b465ee728b)  -> (artifact id: '2ed37a3eb331afd5237db82cc1d6ab78') in 0.019830 seconds 
========================================================================
Received Import Request.
  Time since last request: 7.771087 seconds.
  path: Assets/Textures/GrassFlowers/canyon01.tif
  artifactKey: Guid(903360ef543b50449ae74931c4fddc2c) Importer(815301076,1909f56bfc062723c751e8b465ee728b)
Start importing Assets/Textures/GrassFlowers/canyon01.tif using Guid(903360ef543b50449ae74931c4fddc2c) Importer(815301076,1909f56bfc062723c751e8b465ee728b)  -> (artifact id: '603030978c1cbcf69a733a5c25edfaaf') in 0.101977 seconds 
========================================================================
Received Import Request.
  Time since last request: 0.000030 seconds.
  path: Assets/Textures/GrassFlowers/grassFlower06.tga
  artifactKey: Guid(b3d0250e4b7a1ac4abe98a38d34d2048) Importer(815301076,1909f56bfc062723c751e8b465ee728b)
Start importing Assets/Textures/GrassFlowers/grassFlower06.tga using Guid(b3d0250e4b7a1ac4abe98a38d34d2048) Importer(815301076,1909f56bfc062723c751e8b465ee728b)  -> (artifact id: '4d10cfa6ba664526981f4184642aec41') in 0.085582 seconds 
========================================================================
Received Import Request.
  Time since last request: 3.417345 seconds.
  path: Assets/Textures/Txt/Txt_Pages.jpg
  artifactKey: Guid(dfb779c1d42b26c43b569945886788aa) Importer(815301076,1909f56bfc062723c751e8b465ee728b)
Start importing Assets/Textures/Txt/Txt_Pages.jpg using Guid(dfb779c1d42b26c43b569945886788aa) Importer(815301076,1909f56bfc062723c751e8b465ee728b)  -> (artifact id: '35cadf60826821323c430a7c9c021ba5') in 0.021243 seconds 
========================================================================
Received Import Request.
  Time since last request: 3.210848 seconds.
  path: Assets/Textures/VideoPlayer/Ring 3.mat
  artifactKey: Guid(879a2d7cfdb1b5648a57ebad34dd5a1d) Importer(815301076,1909f56bfc062723c751e8b465ee728b)
Start importing Assets/Textures/VideoPlayer/Ring 3.mat using Guid(879a2d7cfdb1b5648a57ebad34dd5a1d) Importer(815301076,1909f56bfc062723c751e8b465ee728b)  -> (artifact id: '9a49253cfb344986d5f7793c94dfb813') in 0.439468 seconds 
========================================================================
Received Import Request.
  Time since last request: 2.326236 seconds.
  path: Assets/Textures/WD/W.mat
  artifactKey: Guid(67feb49b20a35c64eb8ea29287a39db1) Importer(815301076,1909f56bfc062723c751e8b465ee728b)
Start importing Assets/Textures/WD/W.mat using Guid(67feb49b20a35c64eb8ea29287a39db1) Importer(815301076,1909f56bfc062723c751e8b465ee728b)  -> (artifact id: 'c6f0ba941fef41c7b31ded47cc7583a2') in 0.082963 seconds 
========================================================================
Received Import Request.
  Time since last request: 0.000028 seconds.
  path: Assets/Textures/WD/WPage.mat
  artifactKey: Guid(08cf6fe7d8342544fa7306dff3dcb99f) Importer(815301076,1909f56bfc062723c751e8b465ee728b)
Start importing Assets/Textures/WD/WPage.mat using Guid(08cf6fe7d8342544fa7306dff3dcb99f) Importer(815301076,1909f56bfc062723c751e8b465ee728b)  -> (artifact id: 'c08ef86d403bdd2ccea4635110e46840') in 0.043093 seconds 
========================================================================
Received Import Request.
  Time since last request: 0.000046 seconds.
  path: Assets/Textures/WD/WordDocument_WRing_Metallic.1001.png
  artifactKey: Guid(835038755216c9849acb1bee2d1c56fb) Importer(815301076,1909f56bfc062723c751e8b465ee728b)
Start importing Assets/Textures/WD/WordDocument_WRing_Metallic.1001.png using Guid(835038755216c9849acb1bee2d1c56fb) Importer(815301076,1909f56bfc062723c751e8b465ee728b)  -> (artifact id: 'b7f9fb643ed7e9c1c132d818dbe52ede') in 0.020624 seconds 
========================================================================
Received Import Request.
  Time since last request: 0.000044 seconds.
  path: Assets/Textures/WD/WRing.mat
  artifactKey: Guid(ccdcd29ae91a214439d1fbb79258354a) Importer(815301076,1909f56bfc062723c751e8b465ee728b)
Start importing Assets/Textures/WD/WRing.mat using Guid(ccdcd29ae91a214439d1fbb79258354a) Importer(815301076,1909f56bfc062723c751e8b465ee728b)  -> (artifact id: '64b01f2d7583bb2efc8085b9c4972a56') in 0.041775 seconds 
========================================================================
Received Import Request.
  Time since last request: 0.000029 seconds.
  path: Assets/Textures/WD/WordDocument_WRing_Roughness.1001.png
  artifactKey: Guid(6b75de5a3c850eb4f8d2b90104309845) Importer(815301076,1909f56bfc062723c751e8b465ee728b)
Start importing Assets/Textures/WD/WordDocument_WRing_Roughness.1001.png using Guid(6b75de5a3c850eb4f8d2b90104309845) Importer(815301076,1909f56bfc062723c751e8b465ee728b)  -> (artifact id: 'f6d94675c37b421c918c8412c853719d') in 0.019839 seconds 
========================================================================
Received Import Request.
  Time since last request: 0.000033 seconds.
  path: Assets/Textures/WD/WordDocument_WPage_BaseColor.1001.png
  artifactKey: Guid(e9d171a1fc388c041a6889e540512034) Importer(815301076,1909f56bfc062723c751e8b465ee728b)
Start importing Assets/Textures/WD/WordDocument_WPage_BaseColor.1001.png using Guid(e9d171a1fc388c041a6889e540512034) Importer(815301076,1909f56bfc062723c751e8b465ee728b)  -> (artifact id: '3ed07da2a8ea73602d6e461ce8510e3a') in 0.016855 seconds 
========================================================================
Received Import Request.
  Time since last request: 8.863155 seconds.
  path: Assets/Sprites/project bliss user icon.png
  artifactKey: Guid(457e9a9017ee37f4ea880372eacce1a2) Importer(815301076,1909f56bfc062723c751e8b465ee728b)
Start importing Assets/Sprites/project bliss user icon.png using Guid(457e9a9017ee37f4ea880372eacce1a2) Importer(815301076,1909f56bfc062723c751e8b465ee728b)  -> (artifact id: 'dc78dd479c882a63f90f94ad3b46ade5') in 0.102288 seconds 
========================================================================
Received Import Request.
  Time since last request: 13.432150 seconds.
  path: Assets/Scenes/TestScene/Lightmap-0_comp_light.exr
  artifactKey: Guid(dc88098b579f7cf48a17ae5398f2809f) Importer(815301076,1909f56bfc062723c751e8b465ee728b)
Start importing Assets/Scenes/TestScene/Lightmap-0_comp_light.exr using Guid(dc88098b579f7cf48a17ae5398f2809f) Importer(815301076,1909f56bfc062723c751e8b465ee728b)  -> (artifact id: '899973d35e3cdfca16a2931acce342be') in 0.060133 seconds 
========================================================================
Received Import Request.
  Time since last request: 0.000029 seconds.
  path: Assets/Scenes/TestScene/Lightmap-3_comp_light.exr
  artifactKey: Guid(3ce96e34c3e33e44b983893c90faf5e6) Importer(815301076,1909f56bfc062723c751e8b465ee728b)
Start importing Assets/Scenes/TestScene/Lightmap-3_comp_light.exr using Guid(3ce96e34c3e33e44b983893c90faf5e6) Importer(815301076,1909f56bfc062723c751e8b465ee728b)  -> (artifact id: '383615d77a0225e8a7f3363df6d7b444') in 0.051123 seconds 
========================================================================
Received Import Request.
  Time since last request: 0.000040 seconds.
  path: Assets/Scenes/TestScene/Lightmap-7_comp_light.exr
  artifactKey: Guid(a60cebdbfd19f6a42ab1b9a5695d7fb1) Importer(815301076,1909f56bfc062723c751e8b465ee728b)
Start importing Assets/Scenes/TestScene/Lightmap-7_comp_light.exr using Guid(a60cebdbfd19f6a42ab1b9a5695d7fb1) Importer(815301076,1909f56bfc062723c751e8b465ee728b)  -> (artifact id: '953e6a977cebd0f6f8c550246a4ea0fa') in 0.024376 seconds 
========================================================================
Received Import Request.
  Time since last request: 0.000135 seconds.
  path: Assets/Scenes/TestScene/Lightmap-4_comp_light.exr
  artifactKey: Guid(9349e895b2182c74cb30d69cbe391ea9) Importer(815301076,1909f56bfc062723c751e8b465ee728b)
Start importing Assets/Scenes/TestScene/Lightmap-4_comp_light.exr using Guid(9349e895b2182c74cb30d69cbe391ea9) Importer(815301076,1909f56bfc062723c751e8b465ee728b)  -> (artifact id: '94c5ec42fc90f71c3edbc7383f0dd3f2') in 0.022473 seconds 
========================================================================
Received Import Request.
  Time since last request: 0.000028 seconds.
  path: Assets/Scenes/TestScene/Lightmap-9_comp_dir.png
  artifactKey: Guid(2801e84b4e4340c418adf56c3dfbe238) Importer(815301076,1909f56bfc062723c751e8b465ee728b)
Start importing Assets/Scenes/TestScene/Lightmap-9_comp_dir.png using Guid(2801e84b4e4340c418adf56c3dfbe238) Importer(815301076,1909f56bfc062723c751e8b465ee728b)  -> (artifact id: 'f8bd6b4073bf5db0aa0c3865a927ec65') in 0.021484 seconds 
========================================================================
Received Import Request.
  Time since last request: 0.000035 seconds.
  path: Assets/Scenes/TestScene/Lightmap-10_comp_shadowmask.png
  artifactKey: Guid(5d7f1481db1107b45976086dc44d8384) Importer(815301076,1909f56bfc062723c751e8b465ee728b)
Start importing Assets/Scenes/TestScene/Lightmap-10_comp_shadowmask.png using Guid(5d7f1481db1107b45976086dc44d8384) Importer(815301076,1909f56bfc062723c751e8b465ee728b)  -> (artifact id: 'bb99b7ade1bb932389b7ec5b71e88ab5') in 0.024735 seconds 
========================================================================
Received Import Request.
  Time since last request: 0.000051 seconds.
  path: Assets/Scenes/TestScene/Lightmap-9_comp_shadowmask.png
  artifactKey: Guid(1d7380f0aa4decc4f94d80067117b2ed) Importer(815301076,1909f56bfc062723c751e8b465ee728b)
Start importing Assets/Scenes/TestScene/Lightmap-9_comp_shadowmask.png using Guid(1d7380f0aa4decc4f94d80067117b2ed) Importer(815301076,1909f56bfc062723c751e8b465ee728b)  -> (artifact id: 'b91343f7b53d48643041bae864c2bff0') in 0.021435 seconds 
========================================================================
Received Import Request.
  Time since last request: 0.000040 seconds.
  path: Assets/Scenes/TestScene/Lightmap-1_comp_light.exr
  artifactKey: Guid(d77a89f8c3c7a844e8005ca07a2136a0) Importer(815301076,1909f56bfc062723c751e8b465ee728b)
Start importing Assets/Scenes/TestScene/Lightmap-1_comp_light.exr using Guid(d77a89f8c3c7a844e8005ca07a2136a0) Importer(815301076,1909f56bfc062723c751e8b465ee728b)  -> (artifact id: '8f10868f12018dfcffdf95399eefc5d0') in 0.026141 seconds 
Editor requested this worker to shutdown with reason: Scaling down because of idle timeout
AssetImportWorker is now disconnected from the server
Process exiting
Exiting without the bug reporter. Application will terminate with return code 0