Using pre-set license
Built from '2021.3/staging' branch; Version is '2021.3.3f1 (af2e63e8f9bd) revision 11480675'; Using compiler version '192829333'; Build Type 'Release'
OS: 'Windows 11  (10.0.22000) 64bit Core' Language: 'en' Physical Memory: 65371 MB
BatchMode: 1, IsHumanControllingUs: 0, StartBugReporterOnCrash: 0, Is64bit: 1, IsPro: 1

COMMAND LINE ARGUMENTS:
C:\Program Files\Unity\Hub\Editor\2021.3.3f1\Editor\Unity.exe
-adb2
-batchMode
-noUpm
-name
AssetImportWorker2
-projectPath
D:/Everything/Parsons 2018-2022/2021 Junior 2nd sem/Games/Blizz/Bliss_Basic Interaction. V0.3
-logFile
Logs/AssetImportWorker2.log
-srvPort
58626
Successfully changed project path to: D:/Everything/Parsons 2018-2022/2021 Junior 2nd sem/Games/Blizz/Bliss_Basic Interaction. V0.3
D:/Everything/Parsons 2018-2022/2021 Junior 2nd sem/Games/Blizz/Bliss_Basic Interaction. V0.3
[UnityMemory] Configuration Parameters - Can be set up in boot.config
    "memorysetup-bucket-allocator-granularity=16"
    "memorysetup-bucket-allocator-bucket-count=8"
    "memorysetup-bucket-allocator-block-size=33554432"
    "memorysetup-bucket-allocator-block-count=8"
    "memorysetup-main-allocator-block-size=16777216"
    "memorysetup-thread-allocator-block-size=16777216"
    "memorysetup-gfx-main-allocator-block-size=16777216"
    "memorysetup-gfx-thread-allocator-block-size=16777216"
    "memorysetup-cache-allocator-block-size=4194304"
    "memorysetup-typetree-allocator-block-size=2097152"
    "memorysetup-profiler-bucket-allocator-granularity=16"
    "memorysetup-profiler-bucket-allocator-bucket-count=8"
    "memorysetup-profiler-bucket-allocator-block-size=33554432"
    "memorysetup-profiler-bucket-allocator-block-count=8"
    "memorysetup-profiler-allocator-block-size=16777216"
    "memorysetup-profiler-editor-allocator-block-size=1048576"
    "memorysetup-temp-allocator-size-main=16777216"
    "memorysetup-job-temp-allocator-block-size=2097152"
    "memorysetup-job-temp-allocator-block-size-background=1048576"
    "memorysetup-job-temp-allocator-reduction-small-platforms=262144"
    "memorysetup-temp-allocator-size-background-worker=32768"
    "memorysetup-temp-allocator-size-job-worker=262144"
    "memorysetup-temp-allocator-size-preload-manager=33554432"
    "memorysetup-temp-allocator-size-nav-mesh-worker=65536"
    "memorysetup-temp-allocator-size-audio-worker=65536"
    "memorysetup-temp-allocator-size-cloud-worker=32768"
    "memorysetup-temp-allocator-size-gi-baking-worker=262144"
    "memorysetup-temp-allocator-size-gfx=262144"
Refreshing native plugins compatible for Editor in 156.40 ms, found 4 plugins.
Preloading 0 native plugins for Editor in 0.00 ms.
Initialize engine version: 2021.3.3f1 (af2e63e8f9bd)
[Subsystems] Discovering subsystems at path C:/Program Files/Unity/Hub/Editor/2021.3.3f1/Editor/Data/Resources/UnitySubsystems
[Subsystems] Discovering subsystems at path D:/Everything/Parsons 2018-2022/2021 Junior 2nd sem/Games/Blizz/Bliss_Basic Interaction. V0.3/Assets
GfxDevice: creating device client; threaded=0; jobified=0
Direct3D:
    Version:  Direct3D 11.0 [level 11.1]
    Renderer: NVIDIA GeForce RTX 3070 Laptop GPU (ID=0x24dd)
    Vendor:   NVIDIA
    VRAM:     8044 MB
    Driver:   31.0.15.1659
Initialize mono
Mono path[0] = 'C:/Program Files/Unity/Hub/Editor/2021.3.3f1/Editor/Data/Managed'
Mono path[1] = 'C:/Program Files/Unity/Hub/Editor/2021.3.3f1/Editor/Data/MonoBleedingEdge/lib/mono/unityjit-win32'
Mono config path = 'C:/Program Files/Unity/Hub/Editor/2021.3.3f1/Editor/Data/MonoBleedingEdge/etc'
Using monoOptions --debugger-agent=transport=dt_socket,embedding=1,server=y,suspend=n,address=127.0.0.1:56228
Begin MonoManager ReloadAssembly
Registering precompiled unity dll's ...
Register platform support module: C:/Program Files/Unity/Hub/Editor/2021.3.3f1/Editor/Data/PlaybackEngines/WebGLSupport/UnityEditor.WebGL.Extensions.dll
Register platform support module: C:/Program Files/Unity/Hub/Editor/2021.3.3f1/Editor/Data/PlaybackEngines/WindowsStandaloneSupport/UnityEditor.WindowsStandalone.Extensions.dll
Registered in 0.005766 seconds.
Native extension for WindowsStandalone target not found
Native extension for WebGL target not found
Refreshing native plugins compatible for Editor in 138.61 ms, found 4 plugins.
Preloading 0 native plugins for Editor in 0.00 ms.
Mono: successfully reloaded assembly
- Completed reload, in  0.761 seconds
Domain Reload Profiling:
	ReloadAssembly (762ms)
		BeginReloadAssembly (82ms)
			ExecutionOrderSort (0ms)
			DisableScriptedObjects (0ms)
			BackupInstance (0ms)
			ReleaseScriptingObjects (0ms)
			CreateAndSetChildDomain (1ms)
		EndReloadAssembly (565ms)
			LoadAssemblies (80ms)
			RebuildTransferFunctionScriptingTraits (0ms)
			SetupTypeCache (127ms)
			ReleaseScriptCaches (0ms)
			RebuildScriptCaches (27ms)
			SetupLoadedEditorAssemblies (356ms)
				LogAssemblyErrors (0ms)
				InitializePlatformSupportModulesInManaged (7ms)
				SetLoadedEditorAssemblies (0ms)
				RefreshPlugins (139ms)
				BeforeProcessingInitializeOnLoad (2ms)
				ProcessInitializeOnLoadAttributes (160ms)
				ProcessInitializeOnLoadMethodAttributes (48ms)
				AfterProcessingInitializeOnLoad (0ms)
				EditorAssembliesLoaded (0ms)
			ExecutionOrderSort2 (0ms)
			AwakeInstancesAfterBackupRestoration (0ms)
Platform modules already initialized, skipping
Registering precompiled user dll's ...
Registered in 0.005137 seconds.
Begin MonoManager ReloadAssembly
Native extension for WindowsStandalone target not found
Native extension for WebGL target not found
Refreshing native plugins compatible for Editor in 285.89 ms, found 4 plugins.
Preloading 0 native plugins for Editor in 0.00 ms.
Mono: successfully reloaded assembly
- Completed reload, in  3.180 seconds
Domain Reload Profiling:
	ReloadAssembly (3181ms)
		BeginReloadAssembly (315ms)
			ExecutionOrderSort (0ms)
			DisableScriptedObjects (14ms)
			BackupInstance (0ms)
			ReleaseScriptingObjects (0ms)
			CreateAndSetChildDomain (33ms)
		EndReloadAssembly (2571ms)
			LoadAssemblies (270ms)
			RebuildTransferFunctionScriptingTraits (0ms)
			SetupTypeCache (995ms)
			ReleaseScriptCaches (2ms)
			RebuildScriptCaches (201ms)
			SetupLoadedEditorAssemblies (1133ms)
				LogAssemblyErrors (0ms)
				InitializePlatformSupportModulesInManaged (11ms)
				SetLoadedEditorAssemblies (0ms)
				RefreshPlugins (286ms)
				BeforeProcessingInitializeOnLoad (271ms)
				ProcessInitializeOnLoadAttributes (498ms)
				ProcessInitializeOnLoadMethodAttributes (61ms)
				AfterProcessingInitializeOnLoad (5ms)
				EditorAssembliesLoaded (0ms)
			ExecutionOrderSort2 (0ms)
			AwakeInstancesAfterBackupRestoration (6ms)
Platform modules already initialized, skipping
========================================================================
Worker process is ready to serve import requests
Launched and connected shader compiler UnityShaderCompiler.exe after 0.03 seconds
Refreshing native plugins compatible for Editor in 2.02 ms, found 4 plugins.
Preloading 0 native plugins for Editor in 0.00 ms.
Unloading 6180 Unused Serialized files (Serialized files now loaded: 0)
Unloading 55 unused Assets / (3.9 MB). Loaded Objects now: 6636.
Memory consumption went from 283.5 MB to 279.5 MB.
Total: 9.275400 ms (FindLiveObjects: 1.358200 ms CreateObjectMapping: 0.974900 ms MarkObjects: 5.361800 ms  DeleteObjects: 1.578000 ms)

AssetImportParameters requested are different than current active one (requested -> active):
  custom:video-decoder-ogg-theora: a1e56fd34408186e4bbccfd4996cb3dc -> 
  custom:container-muxer-webm: aa71ff27fc2769a1b78a27578f13a17b -> 
  custom:container-demuxer-webm: 4f35f7cbe854078d1ac9338744f61a02 -> 
  custom:video-encoder-webm-vp8: eb34c28f22e8b96e1ab97ce403110664 -> 
  custom:video-codec-MediaFoundation-h265: 746d11721c4dcdbdad8f713fa42b33f4 -> 
  custom:audio-encoder-webm-vorbis: bf7c407c2cedff20999df2af8eb42d56 -> 
  custom:framework-win-MediaFoundation: 216162199b28c13a410421893ffa2e32 -> 
  custom:container-demuxer-ogg: 62fdf1f143b41e24485cea50d1cbac27 -> 
  custom:video-decoder-webm-vp8: 9c59270c3fd7afecdb556c50c9e8de78 -> 
  custom:audio-decoder-ogg-vorbis: bf7c407c2cedff20999df2af8eb42d56 -> 
========================================================================
Received Prepare
Registering precompiled user dll's ...
Registered in 0.004602 seconds.
Begin MonoManager ReloadAssembly
Native extension for WindowsStandalone target not found
Native extension for WebGL target not found
Refreshing native plugins compatible for Editor in 1.99 ms, found 4 plugins.
Preloading 0 native plugins for Editor in 0.00 ms.
Mono: successfully reloaded assembly
- Completed reload, in  1.632 seconds
Domain Reload Profiling:
	ReloadAssembly (1633ms)
		BeginReloadAssembly (170ms)
			ExecutionOrderSort (0ms)
			DisableScriptedObjects (6ms)
			BackupInstance (0ms)
			ReleaseScriptingObjects (0ms)
			CreateAndSetChildDomain (49ms)
		EndReloadAssembly (1327ms)
			LoadAssemblies (116ms)
			RebuildTransferFunctionScriptingTraits (0ms)
			SetupTypeCache (417ms)
			ReleaseScriptCaches (3ms)
			RebuildScriptCaches (80ms)
			SetupLoadedEditorAssemblies (602ms)
				LogAssemblyErrors (0ms)
				InitializePlatformSupportModulesInManaged (19ms)
				SetLoadedEditorAssemblies (1ms)
				RefreshPlugins (2ms)
				BeforeProcessingInitializeOnLoad (136ms)
				ProcessInitializeOnLoadAttributes (391ms)
				ProcessInitializeOnLoadMethodAttributes (45ms)
				AfterProcessingInitializeOnLoad (7ms)
				EditorAssembliesLoaded (0ms)
			ExecutionOrderSort2 (0ms)
			AwakeInstancesAfterBackupRestoration (18ms)
Platform modules already initialized, skipping
Refreshing native plugins compatible for Editor in 2.62 ms, found 4 plugins.
Preloading 0 native plugins for Editor in 0.00 ms.
Unloading 5865 Unused Serialized files (Serialized files now loaded: 0)
Unloading 48 unused Assets / (3.9 MB). Loaded Objects now: 6639.
Memory consumption went from 266.5 MB to 262.6 MB.
Total: 5.427200 ms (FindLiveObjects: 0.646100 ms CreateObjectMapping: 0.446300 ms MarkObjects: 3.463900 ms  DeleteObjects: 0.869600 ms)

AssetImportParameters requested are different than current active one (requested -> active):
  custom:video-decoder-ogg-theora: a1e56fd34408186e4bbccfd4996cb3dc -> 
  custom:container-muxer-webm: aa71ff27fc2769a1b78a27578f13a17b -> 
  custom:container-demuxer-webm: 4f35f7cbe854078d1ac9338744f61a02 -> 
  custom:video-encoder-webm-vp8: eb34c28f22e8b96e1ab97ce403110664 -> 
  custom:video-codec-MediaFoundation-h265: 746d11721c4dcdbdad8f713fa42b33f4 -> 
  custom:audio-encoder-webm-vorbis: bf7c407c2cedff20999df2af8eb42d56 -> 
  custom:framework-win-MediaFoundation: 216162199b28c13a410421893ffa2e32 -> 
  custom:container-demuxer-ogg: 62fdf1f143b41e24485cea50d1cbac27 -> 
  custom:video-decoder-webm-vp8: 9c59270c3fd7afecdb556c50c9e8de78 -> 
  custom:audio-decoder-ogg-vorbis: bf7c407c2cedff20999df2af8eb42d56 -> 
========================================================================
Received Import Request.
  Time since last request: 1657899.086775 seconds.
  path: Assets/3D
  artifactKey: Guid(e966c1c918da90f4fb53f4f058d5eb53) Importer(815301076,1909f56bfc062723c751e8b465ee728b)
Start importing Assets/3D using Guid(e966c1c918da90f4fb53f4f058d5eb53) Importer(815301076,1909f56bfc062723c751e8b465ee728b)  -> (artifact id: 'c81a0238c4f7b025fd26b8bbaffdae32') in 0.019988 seconds 
========================================================================
Received Import Request.
  Time since last request: 0.041787 seconds.
  path: Assets/3D/Cursor.fbx
  artifactKey: Guid(27d9e1d88fd144a418e38240a5e5f413) Importer(815301076,1909f56bfc062723c751e8b465ee728b)
Start importing Assets/3D/Cursor.fbx using Guid(27d9e1d88fd144a418e38240a5e5f413) Importer(815301076,1909f56bfc062723c751e8b465ee728b)  -> (artifact id: '42cd628ae6346b9e5338b60ec66512d7') in 3.487837 seconds 
========================================================================
Received Import Request.
  Time since last request: 0.000045 seconds.
  path: Assets/3D/#/9.fbx
  artifactKey: Guid(045d74bc2d97556429fa6c721741c401) Importer(815301076,1909f56bfc062723c751e8b465ee728b)
Start importing Assets/3D/#/9.fbx using Guid(045d74bc2d97556429fa6c721741c401) Importer(815301076,1909f56bfc062723c751e8b465ee728b)  -> (artifact id: '5119a7b65d9926a2f93e2704c873541a') in 0.068160 seconds 
========================================================================
Received Import Request.
  Time since last request: 0.000041 seconds.
  path: Assets/3D/#/5.fbx
  artifactKey: Guid(375ec9ecb4a6c2b4e8e8fe4be5f862ad) Importer(815301076,1909f56bfc062723c751e8b465ee728b)
Start importing Assets/3D/#/5.fbx using Guid(375ec9ecb4a6c2b4e8e8fe4be5f862ad) Importer(815301076,1909f56bfc062723c751e8b465ee728b)  -> (artifact id: 'bd0c22f16f66cc8ba3ad7e7b3ad3653c') in 0.123057 seconds 
========================================================================
Received Import Request.
  Time since last request: 0.000035 seconds.
  path: Assets/3D/#/3.fbx
  artifactKey: Guid(4aa9df69e1607da43ac94bbfc2e57970) Importer(815301076,1909f56bfc062723c751e8b465ee728b)
Start importing Assets/3D/#/3.fbx using Guid(4aa9df69e1607da43ac94bbfc2e57970) Importer(815301076,1909f56bfc062723c751e8b465ee728b)  -> (artifact id: 'd7cf66691ccbb078822b58562f546bde') in 0.059783 seconds 
========================================================================
Received Import Request.
  Time since last request: 0.000034 seconds.
  path: Assets/3D/#/7.fbx
  artifactKey: Guid(a62349fa88d34244e86688f6aa5cf724) Importer(815301076,1909f56bfc062723c751e8b465ee728b)
Start importing Assets/3D/#/7.fbx using Guid(a62349fa88d34244e86688f6aa5cf724) Importer(815301076,1909f56bfc062723c751e8b465ee728b)  -> (artifact id: 'fd1f98adc574f6c1e0e06099a7523e77') in 0.061872 seconds 
========================================================================
Received Import Request.
  Time since last request: 0.000039 seconds.
  path: Assets/3D/#/6.fbx
  artifactKey: Guid(da775fbccdc20dd46ab8cf07f9445799) Importer(815301076,1909f56bfc062723c751e8b465ee728b)
Start importing Assets/3D/#/6.fbx using Guid(da775fbccdc20dd46ab8cf07f9445799) Importer(815301076,1909f56bfc062723c751e8b465ee728b)  -> (artifact id: 'a7c1da30c7125d2eac136a1a9a845128') in 0.057705 seconds 
========================================================================
Received Import Request.
  Time since last request: 0.000043 seconds.
  path: Assets/3D/#/8.fbx
  artifactKey: Guid(03cd7f15042e7924a9046f554849b136) Importer(815301076,1909f56bfc062723c751e8b465ee728b)
Start importing Assets/3D/#/8.fbx using Guid(03cd7f15042e7924a9046f554849b136) Importer(815301076,1909f56bfc062723c751e8b465ee728b)  -> (artifact id: '71832cdabbca3cb2f07f95ba97061d9a') in 0.060985 seconds 
========================================================================
Received Import Request.
  Time since last request: 0.067927 seconds.
  path: Assets/3D/Assets/Quit.fbx
  artifactKey: Guid(8b2b00cbbf55c3547a6c686ffd4ec36c) Importer(815301076,1909f56bfc062723c751e8b465ee728b)
Start importing Assets/3D/Assets/Quit.fbx using Guid(8b2b00cbbf55c3547a6c686ffd4ec36c) Importer(815301076,1909f56bfc062723c751e8b465ee728b)  -> (artifact id: '8909c9e97b5550ed66e33c4ccf7e4b9f') in 0.044504 seconds 
========================================================================
Received Import Request.
  Time since last request: 1.638437 seconds.
  path: Assets/3D/Environment
  artifactKey: Guid(e4ccef9c3ff536f448f99b652e4e804e) Importer(815301076,1909f56bfc062723c751e8b465ee728b)
Start importing Assets/3D/Environment using Guid(e4ccef9c3ff536f448f99b652e4e804e) Importer(815301076,1909f56bfc062723c751e8b465ee728b)  -> (artifact id: '909e23416cb64ebacd972c0004e9653f') in 0.005509 seconds 
========================================================================
Received Import Request.
  Time since last request: 0.049449 seconds.
  path: Assets/3D/Environment/_rass plane.fbx
  artifactKey: Guid(0d49bee468df1264a956ff23931ef612) Importer(815301076,1909f56bfc062723c751e8b465ee728b)
Start importing Assets/3D/Environment/_rass plane.fbx using Guid(0d49bee468df1264a956ff23931ef612) Importer(815301076,1909f56bfc062723c751e8b465ee728b)  -> (artifact id: 'af4af6bd92f470cbf1135e684f14946e') in 0.039460 seconds 
========================================================================
Received Import Request.
  Time since last request: 0.000029 seconds.
  path: Assets/3D/Environment/grasses test with terrain.fbx
  artifactKey: Guid(563e9afd5428b634c9243e8e35ce726f) Importer(815301076,1909f56bfc062723c751e8b465ee728b)
Start importing Assets/3D/Environment/grasses test with terrain.fbx using Guid(563e9afd5428b634c9243e8e35ce726f) Importer(815301076,1909f56bfc062723c751e8b465ee728b)  -> (artifact id: 'a14adddce6e1c12665314cb9eb972b17') in 0.128196 seconds 
========================================================================
Received Import Request.
  Time since last request: 0.000035 seconds.
  path: Assets/3D/Environment/grass test with terrain 2.fbx
  artifactKey: Guid(d35a664e45676a34c8f749f2277d9b69) Importer(815301076,1909f56bfc062723c751e8b465ee728b)
Start importing Assets/3D/Environment/grass test with terrain 2.fbx using Guid(d35a664e45676a34c8f749f2277d9b69) Importer(815301076,1909f56bfc062723c751e8b465ee728b)  -> (artifact id: '0118060b0cfc58c2ef648dfd9f287c08') in 0.248167 seconds 
========================================================================
Received Import Request.
  Time since last request: 0.000044 seconds.
  path: Assets/3D/Environment/grasses on terrain.fbx
  artifactKey: Guid(ac19d54f57993564ebffa002a18de09b) Importer(815301076,1909f56bfc062723c751e8b465ee728b)
Start importing Assets/3D/Environment/grasses on terrain.fbx using Guid(ac19d54f57993564ebffa002a18de09b) Importer(815301076,1909f56bfc062723c751e8b465ee728b)  -> (artifact id: '022f5ac3d63ef90d3c22f30872238c99') in 5.176705 seconds 
========================================================================
Received Import Request.
  Time since last request: 4.538625 seconds.
  path: Assets/Settings/BlissPP.asset
  artifactKey: Guid(183cbd347d25080429f42b520742bbd8) Importer(815301076,1909f56bfc062723c751e8b465ee728b)
Start importing Assets/Settings/BlissPP.asset using Guid(183cbd347d25080429f42b520742bbd8) Importer(815301076,1909f56bfc062723c751e8b465ee728b)  -> (artifact id: '54f716980755840379a2d35d88478d6d') in 0.009161 seconds 
========================================================================
Received Import Request.
  Time since last request: 2.669749 seconds.
  path: Assets/ShaderGraph/DashLine.mat
  artifactKey: Guid(53e5803e1c024944fb922c148fcd56a7) Importer(815301076,1909f56bfc062723c751e8b465ee728b)
Start importing Assets/ShaderGraph/DashLine.mat using Guid(53e5803e1c024944fb922c148fcd56a7) Importer(815301076,1909f56bfc062723c751e8b465ee728b)  -> (artifact id: 'abf944e8d483c0ea333d4672fba7d700') in 0.065343 seconds 
========================================================================
Received Import Request.
  Time since last request: 18.849854 seconds.
  path: Assets/WinXP/Folder_C_02.fbx
  artifactKey: Guid(ded05d06edd1a6d4da27cc6951bf44ea) Importer(815301076,1909f56bfc062723c751e8b465ee728b)
Start importing Assets/WinXP/Folder_C_02.fbx using Guid(ded05d06edd1a6d4da27cc6951bf44ea) Importer(815301076,1909f56bfc062723c751e8b465ee728b)  -> (artifact id: '49f83db74b1531ae70ec5f990f69390a') in 0.082011 seconds 
========================================================================
Received Import Request.
  Time since last request: 0.000025 seconds.
  path: Assets/WinXP/Timeline.playable
  artifactKey: Guid(88cfd68bd8ab0714cbcea66d1fda8ca8) Importer(815301076,1909f56bfc062723c751e8b465ee728b)
Start importing Assets/WinXP/Timeline.playable using Guid(88cfd68bd8ab0714cbcea66d1fda8ca8) Importer(815301076,1909f56bfc062723c751e8b465ee728b)  -> (artifact id: '02ce54a3724dfb0e98b5a179d00b2b4d') in 0.018988 seconds 
========================================================================
Received Import Request.
  Time since last request: 0.000047 seconds.
  path: Assets/WinXP/Paper_Collpase.abc
  artifactKey: Guid(eb4001d587343294984acef4a894898d) Importer(815301076,1909f56bfc062723c751e8b465ee728b)
Start importing Assets/WinXP/Paper_Collpase.abc using Guid(eb4001d587343294984acef4a894898d) Importer(815301076,1909f56bfc062723c751e8b465ee728b)  -> (artifact id: 'bb753a345b67a67fed212c0fc4959aed') in 0.627574 seconds 
========================================================================
Received Import Request.
  Time since last request: 8.188050 seconds.
  path: Assets/Textures/Drive/Door.mat
  artifactKey: Guid(8637063aaca396f4f9fbd51c07cbc508) Importer(815301076,1909f56bfc062723c751e8b465ee728b)
Start importing Assets/Textures/Drive/Door.mat using Guid(8637063aaca396f4f9fbd51c07cbc508) Importer(815301076,1909f56bfc062723c751e8b465ee728b)  -> (artifact id: '4fd486bd36340e7fdc4762bf9e0cc33a') in 0.039209 seconds 
========================================================================
Received Import Request.
  Time since last request: 0.000050 seconds.
  path: Assets/Textures/Drive/Drive_DrvieDoor_Roughness.1001.png
  artifactKey: Guid(9e2efdc8b80eca14784d064ad5ef28e9) Importer(815301076,1909f56bfc062723c751e8b465ee728b)
Start importing Assets/Textures/Drive/Drive_DrvieDoor_Roughness.1001.png using Guid(9e2efdc8b80eca14784d064ad5ef28e9) Importer(815301076,1909f56bfc062723c751e8b465ee728b)  -> (artifact id: '383f41fdc98b6e6114d705a6efe356f6') in 0.089746 seconds 
========================================================================
Received Import Request.
  Time since last request: 1.893107 seconds.
  path: Assets/Textures/Folders/Folder_lambert10_Metallic.1001.png
  artifactKey: Guid(ca69aaaa0e1dddf469835611c0079d6a) Importer(815301076,1909f56bfc062723c751e8b465ee728b)
Start importing Assets/Textures/Folders/Folder_lambert10_Metallic.1001.png using Guid(ca69aaaa0e1dddf469835611c0079d6a) Importer(815301076,1909f56bfc062723c751e8b465ee728b)  -> (artifact id: 'b86057635d3528c782f9155b630d4870') in 0.021844 seconds 
========================================================================
Received Import Request.
  Time since last request: 1.367728 seconds.
  path: Assets/Textures/Glitch/Glitch.png
  artifactKey: Guid(83d8dedb852c5c747a6a90ff440c18dc) Importer(815301076,1909f56bfc062723c751e8b465ee728b)
Start importing Assets/Textures/Glitch/Glitch.png using Guid(83d8dedb852c5c747a6a90ff440c18dc) Importer(815301076,1909f56bfc062723c751e8b465ee728b)  -> (artifact id: '9d7dbd643f6ee5d859772b335dc055a4') in 0.089219 seconds 
========================================================================
Received Import Request.
  Time since last request: 7.701219 seconds.
  path: Assets/Textures/GrassFlowers/brown_mud_leaves_01_Nor_8k.jpg
  artifactKey: Guid(c169c5ae2c8938049b33237c0d1b34e3) Importer(815301076,1909f56bfc062723c751e8b465ee728b)
Start importing Assets/Textures/GrassFlowers/brown_mud_leaves_01_Nor_8k.jpg using Guid(c169c5ae2c8938049b33237c0d1b34e3) Importer(815301076,1909f56bfc062723c751e8b465ee728b)  -> (artifact id: '60eb1ddd1bb0ca53896c3da894a5474f') in 0.101372 seconds 
========================================================================
Received Import Request.
  Time since last request: 0.000029 seconds.
  path: Assets/Textures/GrassFlowers/Grass01_BigUV.png
  artifactKey: Guid(38bb15d6b378aff46b461e248592d1da) Importer(815301076,1909f56bfc062723c751e8b465ee728b)
Start importing Assets/Textures/GrassFlowers/Grass01_BigUV.png using Guid(38bb15d6b378aff46b461e248592d1da) Importer(815301076,1909f56bfc062723c751e8b465ee728b)  -> (artifact id: '5060fd7f6c64007f13c89bf791cc8e77') in 0.032736 seconds 
========================================================================
Received Import Request.
  Time since last request: 0.000030 seconds.
  path: Assets/Textures/GrassFlowers/volcano01.tif
  artifactKey: Guid(bd916b355f53ab144901eeb862a0be0b) Importer(815301076,1909f56bfc062723c751e8b465ee728b)
Start importing Assets/Textures/GrassFlowers/volcano01.tif using Guid(bd916b355f53ab144901eeb862a0be0b) Importer(815301076,1909f56bfc062723c751e8b465ee728b)  -> (artifact id: 'b5a166454731bc170575d4a18cd8b19c') in 0.024946 seconds 
========================================================================
Received Import Request.
  Time since last request: 0.000031 seconds.
  path: Assets/Textures/GrassFlowers/grasses textures 1.png
  artifactKey: Guid(7d60e333998dd004381a584494ef23e9) Importer(815301076,1909f56bfc062723c751e8b465ee728b)
Start importing Assets/Textures/GrassFlowers/grasses textures 1.png using Guid(7d60e333998dd004381a584494ef23e9) Importer(815301076,1909f56bfc062723c751e8b465ee728b)  -> (artifact id: '298033a9b2543d7c104ff8f77839d48c') in 0.033618 seconds 
========================================================================
Received Import Request.
  Time since last request: 3.383101 seconds.
  path: Assets/Textures/Txt/Rings.mat
  artifactKey: Guid(76aa0fe4a6d3e4a43b077a65f8038ffe) Importer(815301076,1909f56bfc062723c751e8b465ee728b)
Start importing Assets/Textures/Txt/Rings.mat using Guid(76aa0fe4a6d3e4a43b077a65f8038ffe) Importer(815301076,1909f56bfc062723c751e8b465ee728b)  -> (artifact id: '76a20dcc939b69856b06e4b59b2ee177') in 0.028538 seconds 
========================================================================
Received Import Request.
  Time since last request: 3.200570 seconds.
  path: Assets/Textures/VideoPlayer/Ring 2.mat
  artifactKey: Guid(d8c2997275e3012489b24230362b358a) Importer(815301076,1909f56bfc062723c751e8b465ee728b)
Start importing Assets/Textures/VideoPlayer/Ring 2.mat using Guid(d8c2997275e3012489b24230362b358a) Importer(815301076,1909f56bfc062723c751e8b465ee728b)  -> (artifact id: 'f4fb8cb84601a8c8e07fdfeab0e2cbf1') in 0.437724 seconds 
========================================================================
Received Import Request.
  Time since last request: 2.327047 seconds.
  path: Assets/Textures/WD/PageRing.mat
  artifactKey: Guid(f3c25bd4595619245ad22ba10634ac19) Importer(815301076,1909f56bfc062723c751e8b465ee728b)
Start importing Assets/Textures/WD/PageRing.mat using Guid(f3c25bd4595619245ad22ba10634ac19) Importer(815301076,1909f56bfc062723c751e8b465ee728b)  -> (artifact id: 'a343ad98c7ee0886f773e37efe71e86c') in 0.082914 seconds 
========================================================================
Received Import Request.
  Time since last request: 0.000029 seconds.
  path: Assets/Textures/WD/WordDocument_Pages1_Roughness.1001.png
  artifactKey: Guid(5a68ee8d1e6aacb46ba73d2385324d23) Importer(815301076,1909f56bfc062723c751e8b465ee728b)
Start importing Assets/Textures/WD/WordDocument_Pages1_Roughness.1001.png using Guid(5a68ee8d1e6aacb46ba73d2385324d23) Importer(815301076,1909f56bfc062723c751e8b465ee728b)  -> (artifact id: '5dfa62e2c8f8c016a53e27c3c81c6ab2') in 0.035671 seconds 
========================================================================
Received Import Request.
  Time since last request: 0.000054 seconds.
  path: Assets/Textures/WD/WordDocument_WPage_Metallic.1001.png
  artifactKey: Guid(3f72c85f565bc81408eb3f2e81523860) Importer(815301076,1909f56bfc062723c751e8b465ee728b)
Start importing Assets/Textures/WD/WordDocument_WPage_Metallic.1001.png using Guid(3f72c85f565bc81408eb3f2e81523860) Importer(815301076,1909f56bfc062723c751e8b465ee728b)  -> (artifact id: 'd8af0b62ca2e91bda1cd28ba7adb7766') in 0.025754 seconds 
========================================================================
Received Import Request.
  Time since last request: 0.000091 seconds.
  path: Assets/Textures/WD/WordDocument_W_Metallic.1001.png
  artifactKey: Guid(16b682ec2d01555409d03656bc6475df) Importer(815301076,1909f56bfc062723c751e8b465ee728b)
Start importing Assets/Textures/WD/WordDocument_W_Metallic.1001.png using Guid(16b682ec2d01555409d03656bc6475df) Importer(815301076,1909f56bfc062723c751e8b465ee728b)  -> (artifact id: 'a1333c729df64cdf0f00ef2ed4a214fd') in 0.018180 seconds 
========================================================================
Received Import Request.
  Time since last request: 0.000059 seconds.
  path: Assets/Textures/WD/WordDocument_WRing_Normal.1001.png
  artifactKey: Guid(5830888b04cfb4e49b6801ba8a81027c) Importer(815301076,1909f56bfc062723c751e8b465ee728b)
Start importing Assets/Textures/WD/WordDocument_WRing_Normal.1001.png using Guid(5830888b04cfb4e49b6801ba8a81027c) Importer(815301076,1909f56bfc062723c751e8b465ee728b)  -> (artifact id: 'a8de8e49efc7afe4b15472a58e3693c7') in 0.020337 seconds 
========================================================================
Received Import Request.
  Time since last request: 0.000068 seconds.
  path: Assets/Textures/WD/WordDocument_W_BaseColor.1001.png
  artifactKey: Guid(76a380edae04555499662fa7a6ab9fa7) Importer(815301076,1909f56bfc062723c751e8b465ee728b)
Start importing Assets/Textures/WD/WordDocument_W_BaseColor.1001.png using Guid(76a380edae04555499662fa7a6ab9fa7) Importer(815301076,1909f56bfc062723c751e8b465ee728b)  -> (artifact id: '1e342181f5fbfe408613645aff7cd38f') in 0.035022 seconds 
========================================================================
Received Import Request.
  Time since last request: 8.860371 seconds.
  path: Assets/Sprites/LoadBar.png
  artifactKey: Guid(7dc6282d2b8b3524cb12a853d613c2e9) Importer(815301076,1909f56bfc062723c751e8b465ee728b)
Start importing Assets/Sprites/LoadBar.png using Guid(7dc6282d2b8b3524cb12a853d613c2e9) Importer(815301076,1909f56bfc062723c751e8b465ee728b)  -> (artifact id: 'b73a1916aeca4c389c67a3909ec452c5') in 0.104084 seconds 
========================================================================
Received Import Request.
  Time since last request: 13.430680 seconds.
  path: Assets/Scenes/TestScene/Lightmap-0_comp_dir.png
  artifactKey: Guid(fe35f99327528a44cb88cea4a1bec424) Importer(815301076,1909f56bfc062723c751e8b465ee728b)
Start importing Assets/Scenes/TestScene/Lightmap-0_comp_dir.png using Guid(fe35f99327528a44cb88cea4a1bec424) Importer(815301076,1909f56bfc062723c751e8b465ee728b)  -> (artifact id: '92deae15fd2f8a873a3dba42c9ec9c2c') in 0.022316 seconds 
========================================================================
Received Import Request.
  Time since last request: 0.000029 seconds.
  path: Assets/Scenes/TestScene/Lightmap-1_comp_dir.png
  artifactKey: Guid(d738ecce2b159fe48a2903f0374c5b37) Importer(815301076,1909f56bfc062723c751e8b465ee728b)
Start importing Assets/Scenes/TestScene/Lightmap-1_comp_dir.png using Guid(d738ecce2b159fe48a2903f0374c5b37) Importer(815301076,1909f56bfc062723c751e8b465ee728b)  -> (artifact id: 'b488c75ef381c6582f4e4002bda50093') in 0.020579 seconds 
========================================================================
Received Import Request.
  Time since last request: 0.000037 seconds.
  path: Assets/Scenes/TestScene/Lightmap-2_comp_dir.png
  artifactKey: Guid(45aabce166bf53545ac2fbaa647efe02) Importer(815301076,1909f56bfc062723c751e8b465ee728b)
Start importing Assets/Scenes/TestScene/Lightmap-2_comp_dir.png using Guid(45aabce166bf53545ac2fbaa647efe02) Importer(815301076,1909f56bfc062723c751e8b465ee728b)  -> (artifact id: '2757839ac4023680fc1570932fb91665') in 0.020792 seconds 
========================================================================
Received Import Request.
  Time since last request: 0.000037 seconds.
  path: Assets/Scenes/TestScene/Sky and Fog Settings Profile.asset
  artifactKey: Guid(e93d51c5a505ff14db14f2acd8716228) Importer(815301076,1909f56bfc062723c751e8b465ee728b)
Start importing Assets/Scenes/TestScene/Sky and Fog Settings Profile.asset using Guid(e93d51c5a505ff14db14f2acd8716228) Importer(815301076,1909f56bfc062723c751e8b465ee728b)  -> (artifact id: '243d15a31a7291aa6747ba8d8836eb96') in 0.006019 seconds 
========================================================================
Received Import Request.
  Time since last request: 0.000082 seconds.
  path: Assets/Scenes/TestScene/Lightmap-3_comp_shadowmask.png
  artifactKey: Guid(b9fab620bd9ed25429995d6b6728ea3a) Importer(815301076,1909f56bfc062723c751e8b465ee728b)
Start importing Assets/Scenes/TestScene/Lightmap-3_comp_shadowmask.png using Guid(b9fab620bd9ed25429995d6b6728ea3a) Importer(815301076,1909f56bfc062723c751e8b465ee728b)  -> (artifact id: 'b5bef9310b335c32ebe18cc305e0ff7c') in 0.037415 seconds 
========================================================================
Received Import Request.
  Time since last request: 0.000084 seconds.
  path: Assets/Scenes/TestScene/Lightmap-6_comp_light.exr
  artifactKey: Guid(63631c1de7573434bb4434cd712cf3e3) Importer(815301076,1909f56bfc062723c751e8b465ee728b)
Start importing Assets/Scenes/TestScene/Lightmap-6_comp_light.exr using Guid(63631c1de7573434bb4434cd712cf3e3) Importer(815301076,1909f56bfc062723c751e8b465ee728b)  -> (artifact id: 'ad5c665a79e4a13d22423df7b117286a') in 0.029290 seconds 
========================================================================
Received Import Request.
  Time since last request: 0.000033 seconds.
  path: Assets/Scenes/TestScene/Lightmap-6_comp_dir.png
  artifactKey: Guid(0f34543fcfb345b4daa3740e12a19e35) Importer(815301076,1909f56bfc062723c751e8b465ee728b)
Start importing Assets/Scenes/TestScene/Lightmap-6_comp_dir.png using Guid(0f34543fcfb345b4daa3740e12a19e35) Importer(815301076,1909f56bfc062723c751e8b465ee728b)  -> (artifact id: '403531922dc098fa5ac72e5c7a71dbdb') in 0.019515 seconds 
========================================================================
Received Import Request.
  Time since last request: 0.000027 seconds.
  path: Assets/Scenes/TestScene/Lightmap-2_comp_light.exr
  artifactKey: Guid(aee509c5920f3174cbcf0f49f54840a0) Importer(815301076,1909f56bfc062723c751e8b465ee728b)
Start importing Assets/Scenes/TestScene/Lightmap-2_comp_light.exr using Guid(aee509c5920f3174cbcf0f49f54840a0) Importer(815301076,1909f56bfc062723c751e8b465ee728b)  -> (artifact id: '81c5052914201423c7427b7d0a4cb973') in 0.025425 seconds 
========================================================================
Received Import Request.
  Time since last request: 0.000106 seconds.
  path: Assets/Scenes/TestScene/Lightmap-6_comp_shadowmask.png
  artifactKey: Guid(f6c4b5b0e62e82745bba9a4b9d953158) Importer(815301076,1909f56bfc062723c751e8b465ee728b)
Start importing Assets/Scenes/TestScene/Lightmap-6_comp_shadowmask.png using Guid(f6c4b5b0e62e82745bba9a4b9d953158) Importer(815301076,1909f56bfc062723c751e8b465ee728b)  -> (artifact id: 'c2f59417c24551ea0e38ec7b73aba163') in 0.023463 seconds 
========================================================================
Received Import Request.
  Time since last request: 0.000034 seconds.
  path: Assets/Scenes/TestScene/Lightmap-8_comp_shadowmask.png
  artifactKey: Guid(ccdec4d66768d2342b56b4f274462bb4) Importer(815301076,1909f56bfc062723c751e8b465ee728b)
Start importing Assets/Scenes/TestScene/Lightmap-8_comp_shadowmask.png using Guid(ccdec4d66768d2342b56b4f274462bb4) Importer(815301076,1909f56bfc062723c751e8b465ee728b)  -> (artifact id: '3bca6606015b616197cb4c9199b94494') in 0.020004 seconds 
========================================================================
Received Import Request.
  Time since last request: 95.170697 seconds.
  path: Assets/Prefab/1.prefab
  artifactKey: Guid(dbe533c6429c3e9428cd24708a084127) Importer(815301076,1909f56bfc062723c751e8b465ee728b)
Start importing Assets/Prefab/1.prefab using Guid(dbe533c6429c3e9428cd24708a084127) Importer(815301076,1909f56bfc062723c751e8b465ee728b)  -> (artifact id: 'd772cd677af5097463fc29603059e1c1') in 0.091155 seconds 
========================================================================
Received Import Request.
  Time since last request: 0.000064 seconds.
  path: Assets/Prefab/9.prefab
  artifactKey: Guid(bfd521c3e469d054a8a1aec78c52f1b1) Importer(815301076,1909f56bfc062723c751e8b465ee728b)
Start importing Assets/Prefab/9.prefab using Guid(bfd521c3e469d054a8a1aec78c52f1b1) Importer(815301076,1909f56bfc062723c751e8b465ee728b)  -> (artifact id: '9cb2c6bdfa094eeae8084f54455214e8') in 0.028156 seconds 
========================================================================
Received Import Request.
  Time since last request: 0.000034 seconds.
  path: Assets/Prefab/2.prefab
  artifactKey: Guid(bf54edc9f51df664c91ded20811deafa) Importer(815301076,1909f56bfc062723c751e8b465ee728b)
Start importing Assets/Prefab/2.prefab using Guid(bf54edc9f51df664c91ded20811deafa) Importer(815301076,1909f56bfc062723c751e8b465ee728b)  -> (artifact id: '938d4b2d9bfcc613143257b5e4a835f9') in 0.041868 seconds 
========================================================================
Received Import Request.
  Time since last request: 0.000039 seconds.
  path: Assets/Prefab/The Unfortunate Kid.prefab
  artifactKey: Guid(a80ab36fe11832348ab5043c8990cff0) Importer(815301076,1909f56bfc062723c751e8b465ee728b)
Start importing Assets/Prefab/The Unfortunate Kid.prefab using Guid(a80ab36fe11832348ab5043c8990cff0) Importer(815301076,1909f56bfc062723c751e8b465ee728b) Tried select unknown importer for id '-2' '00000000000000000000000000000000'
 -> (artifact id: 'e3465107cf25db050feaa1baaee12dc4') in 0.058280 seconds 
========================================================================
Received Import Request.
  Time since last request: 0.000058 seconds.
  path: Assets/Prefab/WinXP.prefab
  artifactKey: Guid(f3267882c1e80884795853a3004dc9a5) Importer(815301076,1909f56bfc062723c751e8b465ee728b)
Start importing Assets/Prefab/WinXP.prefab using Guid(f3267882c1e80884795853a3004dc9a5) Importer(815301076,1909f56bfc062723c751e8b465ee728b)  -> (artifact id: '932aa20096a3b9df1e2031d956b35807') in 0.400296 seconds 
