Base path: 'C:/Program Files/Unity/Hub/Editor/2021.3.6f1/Editor/Data', plugins path 'C:/Program Files/Unity/Hub/Editor/2021.3.6f1/Editor/Data/PlaybackEngines'
Cmd: initializeCompiler

Cmd: compileSnippet
  insize=29554 file=Assets/BruteForce-GrassShader/Shaders/HDRP/BruteForceHDRP/InteractiveGrassTerrainHDRP pass=GBuffer cachingPP=1 ppOnly=0 stripLineD=0 buildPlatform=19 rsLen=0 pKW=UNITY_ENABLE_REFLECTION_BUFFERS UNITY_USE_DITHER_MASK_FOR_ALPHABLENDED_SHADOWS UNITY_PBS_USE_BRDF1 UNITY_SPECCUBE_BOX_PROJECTION UNITY_SPECCUBE_BLENDING UNITY_ENABLE_DETAIL_NORMALMAP SHADER_API_DESKTOP UNITY_LIGHT_PROBE_PROXY_VOLUME UNITY_LIGHTMAP_FULL_HDR uKW=USE_RT USE_SC USE_SS USE_BMP USE_CS DECALS_OFF dKW=_SURFACE_TYPE_TRANSPARENT LOD_FADE_CROSSFADE USE_VR USE_TP USE_BP LIGHTMAP_ON DIRLIGHTMAP_COMBINED DECALS_3RT DECALS_4RT LIGHT_LAYERS FOG_LINEAR FOG_EXP FOG_EXP2 INSTANCING_ON _ALPHATEST_ON _DEPTHOFFSET_ON _DOUBLESIDED_ON _VERTEX_DISPLACEMENT _PIXEL_DISPLACEMENT _VERTEX_DISPLACEMENT_LOCK_OBJECT_SCALE _DISPLACEMENT_LOCK_TILING_SCALE _PIXEL_DISPLACEMENT_LOCK_OBJECT_SCALE _REFRACTION_PLANE _REFRACTION_SPHERE _REFRACTION_THIN _EMISSIVE_MAPPING_PLANAR _EMISSIVE_MAPPING_TRIPLANAR _MAPPING_PLANAR _MAPPING_TRIPLANAR _NORMALMAP_TANGENT_SPACE _REQUIRE_UV2 _REQUIRE_UV3 _NORMALMAP _MASKMAP _BENTNORMALMAP _EMISSIVE_COLOR_MAP _ENABLESPECULAROCCLUSION _SPECULAR_OCCLUSION_NONE _SPECULAR_OCCLUSION_FROM_BENT_NORMAL_MAP _HEIGHTMAP _TANGENTMAP _ANISOTROPYMAP _DETAIL_MAP _SUBSURFACE_MASK_MAP _THICKNESSMAP _IRIDESCENCE_THICKNESSMAP _SPECULARCOLORMAP _TRANSMITTANCECOLORMAP _DISABLE_DECALS _DISABLE_SSR _ENABLE_GEOMETRIC_SPECULAR_AA _BLENDMODE_ALPHA _BLENDMODE_ADD _BLENDMODE_PRE_MULTIPLY _BLENDMODE_PRESERVE_SPECULAR_LIGHTING _ENABLE_FOG_ON_TRANSPARENT _TRANSPARENT_WRITES_MOTION_VEC _MATERIAL_FEATURE_SUBSURFACE_SCATTERING _MATERIAL_FEATURE_TRANSMISSION _MATERIAL_FEATURE_ANISOTROPY _MATERIAL_FEATURE_CLEAR_COAT _MATERIAL_FEATURE_IRIDESCENCE _MATERIAL_FEATURE_SPECULAR_COLOR _ADD_PRECOMPUTED_VELOCITY UNITY_NO_DXT5nm UNITY_FRAMEBUFFER_FETCH_AVAILABLE UNITY_ENABLE_NATIVE_SHADOW_LOOKUPS UNITY_METAL_SHADOWS_USE_POINT_FILTERING UNITY_NO_SCREENSPACE_SHADOWS UNITY_PBS_USE_BRDF2 UNITY_PBS_USE_BRDF3 UNITY_NO_FULL_STANDARD_SHADER UNITY_HARDWARE_TIER1 UNITY_HARDWARE_TIER2 UNITY_HARDWARE_TIER3 UNITY_COLORSPACE_GAMMA UNITY_HALF_PRECISION_FRAGMENT_SHADER_REGISTERS UNITY_LIGHTMAP_DLDR_ENCODING UNITY_LIGHTMAP_RGBM_ENCODING UNITY_VIRTUAL_TEXTURING UNITY_PRETRANSFORM_TO_DISPLAY_ORIENTATION UNITY_ASTC_NORMALMAP_ENCODING SHADER_API_GLES30 UNITY_UNIFIED_SHADER_PRECISION_MODEL flags=0 lang=3 type=Vertex platform=d3d11 reqs=1105899 mask=14 start=285  error: 1 plat 4 at (487): implicit truncation of vector type
  error: 1 plat 4 at (489): 'TransformObjectToWorld': implicit truncation of vector type
  error: 1 plat 4 at (569): 'TransformObjectToWorld': implicit truncation of vector type
  error: 1 plat 4 at (570): 'TransformObjectToWorld': implicit truncation of vector type
  error: 1 plat 4 at (571): 'TransformObjectToWorld': implicit truncation of vector type
  error: 1 plat 4 at (616): implicit truncation of vector type
  error: 1 plat 4 at (617): implicit truncation of vector type
  error: 1 plat 4 at (618): implicit truncation of vector type
  error: 1 plat 4 at (670): implicit truncation of vector type
  error: 1 plat 4 at (683): implicit truncation of vector type
  error: 1 plat 4 at (684): implicit truncation of vector type
  error: 1 plat 4 at (697): implicit truncation of vector type
  error: 1 plat 4 at (711): implicit truncation of vector type
  error: 1 plat 4 at (713): implicit truncation of vector type
  error: 1 plat 4 at (714): implicit truncation of vector type
  error: 1 plat 4 at (715): implicit truncation of vector type
  error: 1 plat 4 at (716): implicit truncation of vector type
  error: 1 plat 4 at (717): implicit truncation of vector type
  error: 1 plat 4 at (718): implicit truncation of vector type
  error: 1 plat 4 at (719): implicit truncation of vector type
  error: 1 plat 4 at (740): implicit truncation of vector type
  error: 1 plat 4 at (741): implicit truncation of vector type
  error: 1 plat 4 at (742): implicit truncation of vector type
  error: 1 plat 4 at (743): implicit truncation of vector type
  error: 1 plat 4 at (744): implicit truncation of vector type
  error: 1 plat 4 at (745): implicit truncation of vector type
  error: 1 plat 4 at (746): implicit truncation of vector type
  error: 1 plat 4 at (747): implicit truncation of vector type
  error: 1 plat 4 at (749): implicit truncation of vector type
  error: 1 plat 4 at (769): implicit truncation of vector type
  error: 1 plat 4 at (778): implicit truncation of vector type
  error: 1 plat 4 at (779): implicit truncation of vector type
  error: 1 plat 4 at (780): implicit truncation of vector type
  error: 1 plat 4 at (781): implicit truncation of vector type
  error: 1 plat 4 at (782): implicit truncation of vector type
  error: 1 plat 4 at (783): implicit truncation of vector type
  error: 1 plat 4 at (784): implicit truncation of vector type
  error: 1 plat 4 at (785): implicit truncation of vector type
  error: 1 plat 4 at (787): implicit truncation of vector type
  error: 1 plat 4 at (788): implicit truncation of vector type
  error: 1 plat 4 at (789): implicit truncation of vector type
  error: 1 plat 4 at (790): implicit truncation of vector type
  error: 1 plat 4 at (791): implicit truncation of vector type
  error: 1 plat 4 at (792): implicit truncation of vector type
  error: 1 plat 4 at (793): implicit truncation of vector type
  error: 1 plat 4 at (800): implicit truncation of vector type
  error: 1 plat 4 at (835): implicit truncation of vector type
  error: 1 plat 4 at (836): implicit truncation of vector type
  error: 1 plat 4 at (837): implicit truncation of vector type
  error: 1 plat 4 at (842): implicit truncation of vector type
  error: 1 plat 4 at (848): implicit truncation of vector type
 ok=1 outsize=1190

Cmd: compileSnippet
  insize=29554 file=Assets/BruteForce-GrassShader/Shaders/HDRP/BruteForceHDRP/InteractiveGrassTerrainHDRP pass=GBuffer cachingPP=1 ppOnly=0 stripLineD=0 buildPlatform=19 rsLen=0 pKW=UNITY_ENABLE_REFLECTION_BUFFERS UNITY_USE_DITHER_MASK_FOR_ALPHABLENDED_SHADOWS UNITY_PBS_USE_BRDF1 UNITY_SPECCUBE_BOX_PROJECTION UNITY_SPECCUBE_BLENDING UNITY_ENABLE_DETAIL_NORMALMAP SHADER_API_DESKTOP UNITY_LIGHT_PROBE_PROXY_VOLUME UNITY_LIGHTMAP_FULL_HDR uKW=USE_RT USE_SC USE_SS USE_BMP USE_CS DECALS_OFF dKW=_SURFACE_TYPE_TRANSPARENT LOD_FADE_CROSSFADE USE_VR USE_TP USE_BP LIGHTMAP_ON DIRLIGHTMAP_COMBINED DECALS_3RT DECALS_4RT LIGHT_LAYERS FOG_LINEAR FOG_EXP FOG_EXP2 INSTANCING_ON _ALPHATEST_ON _DEPTHOFFSET_ON _DOUBLESIDED_ON _VERTEX_DISPLACEMENT _PIXEL_DISPLACEMENT _VERTEX_DISPLACEMENT_LOCK_OBJECT_SCALE _DISPLACEMENT_LOCK_TILING_SCALE _PIXEL_DISPLACEMENT_LOCK_OBJECT_SCALE _REFRACTION_PLANE _REFRACTION_SPHERE _REFRACTION_THIN _EMISSIVE_MAPPING_PLANAR _EMISSIVE_MAPPING_TRIPLANAR _MAPPING_PLANAR _MAPPING_TRIPLANAR _NORMALMAP_TANGENT_SPACE _REQUIRE_UV2 _REQUIRE_UV3 _NORMALMAP _MASKMAP _BENTNORMALMAP _EMISSIVE_COLOR_MAP _ENABLESPECULAROCCLUSION _SPECULAR_OCCLUSION_NONE _SPECULAR_OCCLUSION_FROM_BENT_NORMAL_MAP _HEIGHTMAP _TANGENTMAP _ANISOTROPYMAP _DETAIL_MAP _SUBSURFACE_MASK_MAP _THICKNESSMAP _IRIDESCENCE_THICKNESSMAP _SPECULARCOLORMAP _TRANSMITTANCECOLORMAP _DISABLE_DECALS _DISABLE_SSR _ENABLE_GEOMETRIC_SPECULAR_AA _BLENDMODE_ALPHA _BLENDMODE_ADD _BLENDMODE_PRE_MULTIPLY _BLENDMODE_PRESERVE_SPECULAR_LIGHTING _ENABLE_FOG_ON_TRANSPARENT _TRANSPARENT_WRITES_MOTION_VEC _MATERIAL_FEATURE_SUBSURFACE_SCATTERING _MATERIAL_FEATURE_TRANSMISSION _MATERIAL_FEATURE_ANISOTROPY _MATERIAL_FEATURE_CLEAR_COAT _MATERIAL_FEATURE_IRIDESCENCE _MATERIAL_FEATURE_SPECULAR_COLOR _ADD_PRECOMPUTED_VELOCITY UNITY_NO_DXT5nm UNITY_FRAMEBUFFER_FETCH_AVAILABLE UNITY_ENABLE_NATIVE_SHADOW_LOOKUPS UNITY_METAL_SHADOWS_USE_POINT_FILTERING UNITY_NO_SCREENSPACE_SHADOWS UNITY_PBS_USE_BRDF2 UNITY_PBS_USE_BRDF3 UNITY_NO_FULL_STANDARD_SHADER UNITY_HARDWARE_TIER1 UNITY_HARDWARE_TIER2 UNITY_HARDWARE_TIER3 UNITY_COLORSPACE_GAMMA UNITY_HALF_PRECISION_FRAGMENT_SHADER_REGISTERS UNITY_LIGHTMAP_DLDR_ENCODING UNITY_LIGHTMAP_RGBM_ENCODING UNITY_VIRTUAL_TEXTURING UNITY_PRETRANSFORM_TO_DISPLAY_ORIENTATION UNITY_ASTC_NORMALMAP_ENCODING SHADER_API_GLES30 UNITY_UNIFIED_SHADER_PRECISION_MODEL flags=0 lang=3 type=Fragment platform=d3d11 reqs=1105899 mask=14 start=285  error: 1 plat 4 at (487): implicit truncation of vector type
  error: 1 plat 4 at (489): 'TransformObjectToWorld': implicit truncation of vector type
  error: 1 plat 4 at (569): 'TransformObjectToWorld': implicit truncation of vector type
  error: 1 plat 4 at (570): 'TransformObjectToWorld': implicit truncation of vector type
  error: 1 plat 4 at (571): 'TransformObjectToWorld': implicit truncation of vector type
  error: 1 plat 4 at (616): implicit truncation of vector type
  error: 1 plat 4 at (617): implicit truncation of vector type
  error: 1 plat 4 at (618): implicit truncation of vector type
  error: 1 plat 4 at (670): implicit truncation of vector type
  error: 1 plat 4 at (683): implicit truncation of vector type
  error: 1 plat 4 at (684): implicit truncation of vector type
  error: 1 plat 4 at (697): implicit truncation of vector type
  error: 1 plat 4 at (711): implicit truncation of vector type
  error: 1 plat 4 at (713): implicit truncation of vector type
  error: 1 plat 4 at (714): implicit truncation of vector type
  error: 1 plat 4 at (715): implicit truncation of vector type
  error: 1 plat 4 at (716): implicit truncation of vector type
  error: 1 plat 4 at (717): implicit truncation of vector type
  error: 1 plat 4 at (718): implicit truncation of vector type
  error: 1 plat 4 at (719): implicit truncation of vector type
  error: 1 plat 4 at (740): implicit truncation of vector type
  error: 1 plat 4 at (741): implicit truncation of vector type
  error: 1 plat 4 at (742): implicit truncation of vector type
  error: 1 plat 4 at (743): implicit truncation of vector type
  error: 1 plat 4 at (744): implicit truncation of vector type
  error: 1 plat 4 at (745): implicit truncation of vector type
  error: 1 plat 4 at (746): implicit truncation of vector type
  error: 1 plat 4 at (747): implicit truncation of vector type
  error: 1 plat 4 at (749): implicit truncation of vector type
  error: 1 plat 4 at (769): implicit truncation of vector type
  error: 1 plat 4 at (778): implicit truncation of vector type
  error: 1 plat 4 at (779): implicit truncation of vector type
  error: 1 plat 4 at (780): implicit truncation of vector type
  error: 1 plat 4 at (781): implicit truncation of vector type
  error: 1 plat 4 at (782): implicit truncation of vector type
  error: 1 plat 4 at (783): implicit truncation of vector type
  error: 1 plat 4 at (784): implicit truncation of vector type
  error: 1 plat 4 at (785): implicit truncation of vector type
  error: 1 plat 4 at (787): implicit truncation of vector type
  error: 1 plat 4 at (788): implicit truncation of vector type
  error: 1 plat 4 at (789): implicit truncation of vector type
  error: 1 plat 4 at (790): implicit truncation of vector type
  error: 1 plat 4 at (791): implicit truncation of vector type
  error: 1 plat 4 at (792): implicit truncation of vector type
  error: 1 plat 4 at (793): implicit truncation of vector type
  error: 1 plat 4 at (800): implicit truncation of vector type
  error: 1 plat 4 at (835): implicit truncation of vector type
  error: 1 plat 4 at (836): implicit truncation of vector type
  error: 1 plat 4 at (837): implicit truncation of vector type
  error: 1 plat 4 at (842): implicit truncation of vector type
  error: 1 plat 4 at (848): implicit truncation of vector type
 ok=1 outsize=11122

Cmd: compileSnippet
  insize=29554 file=Assets/BruteForce-GrassShader/Shaders/HDRP/BruteForceHDRP/InteractiveGrassTerrainHDRP pass=GBuffer cachingPP=1 ppOnly=0 stripLineD=0 buildPlatform=19 rsLen=0 pKW=UNITY_ENABLE_REFLECTION_BUFFERS UNITY_USE_DITHER_MASK_FOR_ALPHABLENDED_SHADOWS UNITY_PBS_USE_BRDF1 UNITY_SPECCUBE_BOX_PROJECTION UNITY_SPECCUBE_BLENDING UNITY_ENABLE_DETAIL_NORMALMAP SHADER_API_DESKTOP UNITY_LIGHT_PROBE_PROXY_VOLUME UNITY_LIGHTMAP_FULL_HDR uKW=USE_RT USE_SC USE_SS USE_BMP USE_CS DECALS_OFF dKW=_SURFACE_TYPE_TRANSPARENT LOD_FADE_CROSSFADE USE_VR USE_TP USE_BP LIGHTMAP_ON DIRLIGHTMAP_COMBINED DECALS_3RT DECALS_4RT LIGHT_LAYERS FOG_LINEAR FOG_EXP FOG_EXP2 INSTANCING_ON _ALPHATEST_ON _DEPTHOFFSET_ON _DOUBLESIDED_ON _VERTEX_DISPLACEMENT _PIXEL_DISPLACEMENT _VERTEX_DISPLACEMENT_LOCK_OBJECT_SCALE _DISPLACEMENT_LOCK_TILING_SCALE _PIXEL_DISPLACEMENT_LOCK_OBJECT_SCALE _REFRACTION_PLANE _REFRACTION_SPHERE _REFRACTION_THIN _EMISSIVE_MAPPING_PLANAR _EMISSIVE_MAPPING_TRIPLANAR _MAPPING_PLANAR _MAPPING_TRIPLANAR _NORMALMAP_TANGENT_SPACE _REQUIRE_UV2 _REQUIRE_UV3 _NORMALMAP _MASKMAP _BENTNORMALMAP _EMISSIVE_COLOR_MAP _ENABLESPECULAROCCLUSION _SPECULAR_OCCLUSION_NONE _SPECULAR_OCCLUSION_FROM_BENT_NORMAL_MAP _HEIGHTMAP _TANGENTMAP _ANISOTROPYMAP _DETAIL_MAP _SUBSURFACE_MASK_MAP _THICKNESSMAP _IRIDESCENCE_THICKNESSMAP _SPECULARCOLORMAP _TRANSMITTANCECOLORMAP _DISABLE_DECALS _DISABLE_SSR _ENABLE_GEOMETRIC_SPECULAR_AA _BLENDMODE_ALPHA _BLENDMODE_ADD _BLENDMODE_PRE_MULTIPLY _BLENDMODE_PRESERVE_SPECULAR_LIGHTING _ENABLE_FOG_ON_TRANSPARENT _TRANSPARENT_WRITES_MOTION_VEC _MATERIAL_FEATURE_SUBSURFACE_SCATTERING _MATERIAL_FEATURE_TRANSMISSION _MATERIAL_FEATURE_ANISOTROPY _MATERIAL_FEATURE_CLEAR_COAT _MATERIAL_FEATURE_IRIDESCENCE _MATERIAL_FEATURE_SPECULAR_COLOR _ADD_PRECOMPUTED_VELOCITY UNITY_NO_DXT5nm UNITY_FRAMEBUFFER_FETCH_AVAILABLE UNITY_ENABLE_NATIVE_SHADOW_LOOKUPS UNITY_METAL_SHADOWS_USE_POINT_FILTERING UNITY_NO_SCREENSPACE_SHADOWS UNITY_PBS_USE_BRDF2 UNITY_PBS_USE_BRDF3 UNITY_NO_FULL_STANDARD_SHADER UNITY_HARDWARE_TIER1 UNITY_HARDWARE_TIER2 UNITY_HARDWARE_TIER3 UNITY_COLORSPACE_GAMMA UNITY_HALF_PRECISION_FRAGMENT_SHADER_REGISTERS UNITY_LIGHTMAP_DLDR_ENCODING UNITY_LIGHTMAP_RGBM_ENCODING UNITY_VIRTUAL_TEXTURING UNITY_PRETRANSFORM_TO_DISPLAY_ORIENTATION UNITY_ASTC_NORMALMAP_ENCODING SHADER_API_GLES30 UNITY_UNIFIED_SHADER_PRECISION_MODEL flags=0 lang=3 type=Geometry platform=d3d11 reqs=1105899 mask=14 start=285  error: 1 plat 4 at (487): implicit truncation of vector type
  error: 1 plat 4 at (489): 'TransformObjectToWorld': implicit truncation of vector type
  error: 1 plat 4 at (569): 'TransformObjectToWorld': implicit truncation of vector type
  error: 1 plat 4 at (570): 'TransformObjectToWorld': implicit truncation of vector type
  error: 1 plat 4 at (571): 'TransformObjectToWorld': implicit truncation of vector type
  error: 1 plat 4 at (616): implicit truncation of vector type
  error: 1 plat 4 at (617): implicit truncation of vector type
  error: 1 plat 4 at (618): implicit truncation of vector type
  error: 1 plat 4 at (670): implicit truncation of vector type
  error: 1 plat 4 at (683): implicit truncation of vector type
  error: 1 plat 4 at (684): implicit truncation of vector type
  error: 1 plat 4 at (697): implicit truncation of vector type
  error: 1 plat 4 at (711): implicit truncation of vector type
  error: 1 plat 4 at (713): implicit truncation of vector type
  error: 1 plat 4 at (714): implicit truncation of vector type
  error: 1 plat 4 at (715): implicit truncation of vector type
  error: 1 plat 4 at (716): implicit truncation of vector type
  error: 1 plat 4 at (717): implicit truncation of vector type
  error: 1 plat 4 at (718): implicit truncation of vector type
  error: 1 plat 4 at (719): implicit truncation of vector type
  error: 1 plat 4 at (740): implicit truncation of vector type
  error: 1 plat 4 at (741): implicit truncation of vector type
  error: 1 plat 4 at (742): implicit truncation of vector type
  error: 1 plat 4 at (743): implicit truncation of vector type
  error: 1 plat 4 at (744): implicit truncation of vector type
  error: 1 plat 4 at (745): implicit truncation of vector type
  error: 1 plat 4 at (746): implicit truncation of vector type
  error: 1 plat 4 at (747): implicit truncation of vector type
  error: 1 plat 4 at (749): implicit truncation of vector type
  error: 1 plat 4 at (769): implicit truncation of vector type
  error: 1 plat 4 at (778): implicit truncation of vector type
  error: 1 plat 4 at (779): implicit truncation of vector type
  error: 1 plat 4 at (780): implicit truncation of vector type
  error: 1 plat 4 at (781): implicit truncation of vector type
  error: 1 plat 4 at (782): implicit truncation of vector type
  error: 1 plat 4 at (783): implicit truncation of vector type
  error: 1 plat 4 at (784): implicit truncation of vector type
  error: 1 plat 4 at (785): implicit truncation of vector type
  error: 1 plat 4 at (787): implicit truncation of vector type
  error: 1 plat 4 at (788): implicit truncation of vector type
  error: 1 plat 4 at (789): implicit truncation of vector type
  error: 1 plat 4 at (790): implicit truncation of vector type
  error: 1 plat 4 at (791): implicit truncation of vector type
  error: 1 plat 4 at (792): implicit truncation of vector type
  error: 1 plat 4 at (793): implicit truncation of vector type
  error: 1 plat 4 at (800): implicit truncation of vector type
  error: 1 plat 4 at (835): implicit truncation of vector type
  error: 1 plat 4 at (836): implicit truncation of vector type
  error: 1 plat 4 at (837): implicit truncation of vector type
  error: 1 plat 4 at (842): implicit truncation of vector type
  error: 1 plat 4 at (848): implicit truncation of vector type
 ok=1 outsize=8374

Cmd: compileSnippet
  insize=980 file=Packages/com.unity.render-pipelines.high-definition/Runtime/ShaderLibrary/Hidden/HDRP/Blit pass=<Unnamed Pass 4> cachingPP=1 ppOnly=0 stripLineD=0 buildPlatform=19 rsLen=0 pKW=UNITY_ENABLE_REFLECTION_BUFFERS UNITY_USE_DITHER_MASK_FOR_ALPHABLENDED_SHADOWS UNITY_PBS_USE_BRDF1 UNITY_SPECCUBE_BOX_PROJECTION UNITY_SPECCUBE_BLENDING UNITY_ENABLE_DETAIL_NORMALMAP SHADER_API_DESKTOP UNITY_LIGHT_PROBE_PROXY_VOLUME UNITY_LIGHTMAP_FULL_HDR uKW=DISABLE_TEXTURE2D_X_ARRAY dKW=BLIT_SINGLE_SLICE UNITY_NO_DXT5nm UNITY_FRAMEBUFFER_FETCH_AVAILABLE UNITY_ENABLE_NATIVE_SHADOW_LOOKUPS UNITY_METAL_SHADOWS_USE_POINT_FILTERING UNITY_NO_SCREENSPACE_SHADOWS UNITY_PBS_USE_BRDF2 UNITY_PBS_USE_BRDF3 UNITY_NO_FULL_STANDARD_SHADER UNITY_HARDWARE_TIER1 UNITY_HARDWARE_TIER2 UNITY_HARDWARE_TIER3 UNITY_COLORSPACE_GAMMA UNITY_HALF_PRECISION_FRAGMENT_SHADER_REGISTERS UNITY_LIGHTMAP_DLDR_ENCODING UNITY_LIGHTMAP_RGBM_ENCODING UNITY_VIRTUAL_TEXTURING UNITY_PRETRANSFORM_TO_DISPLAY_ORIENTATION UNITY_ASTC_NORMALMAP_ENCODING SHADER_API_GLES30 UNITY_UNIFIED_SHADER_PRECISION_MODEL flags=0 lang=3 type=Vertex platform=d3d11 reqs=1101803 mask=6 start=68 ok=1 outsize=974

Cmd: compileSnippet
  insize=980 file=Packages/com.unity.render-pipelines.high-definition/Runtime/ShaderLibrary/Hidden/HDRP/Blit pass=<Unnamed Pass 4> cachingPP=1 ppOnly=0 stripLineD=0 buildPlatform=19 rsLen=0 pKW=UNITY_ENABLE_REFLECTION_BUFFERS UNITY_USE_DITHER_MASK_FOR_ALPHABLENDED_SHADOWS UNITY_PBS_USE_BRDF1 UNITY_SPECCUBE_BOX_PROJECTION UNITY_SPECCUBE_BLENDING UNITY_ENABLE_DETAIL_NORMALMAP SHADER_API_DESKTOP UNITY_LIGHT_PROBE_PROXY_VOLUME UNITY_LIGHTMAP_FULL_HDR uKW=DISABLE_TEXTURE2D_X_ARRAY dKW=BLIT_SINGLE_SLICE UNITY_NO_DXT5nm UNITY_FRAMEBUFFER_FETCH_AVAILABLE UNITY_ENABLE_NATIVE_SHADOW_LOOKUPS UNITY_METAL_SHADOWS_USE_POINT_FILTERING UNITY_NO_SCREENSPACE_SHADOWS UNITY_PBS_USE_BRDF2 UNITY_PBS_USE_BRDF3 UNITY_NO_FULL_STANDARD_SHADER UNITY_HARDWARE_TIER1 UNITY_HARDWARE_TIER2 UNITY_HARDWARE_TIER3 UNITY_COLORSPACE_GAMMA UNITY_HALF_PRECISION_FRAGMENT_SHADER_REGISTERS UNITY_LIGHTMAP_DLDR_ENCODING UNITY_LIGHTMAP_RGBM_ENCODING UNITY_VIRTUAL_TEXTURING UNITY_PRETRANSFORM_TO_DISPLAY_ORIENTATION UNITY_ASTC_NORMALMAP_ENCODING SHADER_API_GLES30 UNITY_UNIFIED_SHADER_PRECISION_MODEL flags=0 lang=3 type=Fragment platform=d3d11 reqs=1101803 mask=6 start=68 ok=1 outsize=370

Cmd: compileSnippet
  insize=1431 file=Assets/DefaultResourcesExtra/TerrainShaders/Utils/Hidden/TerrainEngine/TerrainLayerUtils pass=Get Terrain Layer Channel cachingPP=1 ppOnly=0 stripLineD=0 buildPlatform=19 rsLen=0 pKW=UNITY_ENABLE_REFLECTION_BUFFERS UNITY_USE_DITHER_MASK_FOR_ALPHABLENDED_SHADOWS UNITY_PBS_USE_BRDF1 UNITY_SPECCUBE_BOX_PROJECTION UNITY_SPECCUBE_BLENDING UNITY_ENABLE_DETAIL_NORMALMAP SHADER_API_DESKTOP UNITY_LIGHT_PROBE_PROXY_VOLUME UNITY_LIGHTMAP_FULL_HDR uKW= dKW=UNITY_NO_DXT5nm UNITY_FRAMEBUFFER_FETCH_AVAILABLE UNITY_ENABLE_NATIVE_SHADOW_LOOKUPS UNITY_METAL_SHADOWS_USE_POINT_FILTERING UNITY_NO_SCREENSPACE_SHADOWS UNITY_PBS_USE_BRDF2 UNITY_PBS_USE_BRDF3 UNITY_NO_FULL_STANDARD_SHADER UNITY_HARDWARE_TIER1 UNITY_HARDWARE_TIER2 UNITY_HARDWARE_TIER3 UNITY_COLORSPACE_GAMMA UNITY_HALF_PRECISION_FRAGMENT_SHADER_REGISTERS UNITY_LIGHTMAP_DLDR_ENCODING UNITY_LIGHTMAP_RGBM_ENCODING UNITY_VIRTUAL_TEXTURING UNITY_PRETRANSFORM_TO_DISPLAY_ORIENTATION UNITY_ASTC_NORMALMAP_ENCODING SHADER_API_GLES30 UNITY_UNIFIED_SHADER_PRECISION_MODEL flags=0 lang=0 type=Vertex platform=d3d11 reqs=33 mask=6 start=28 ok=1 outsize=682

Cmd: compileSnippet
  insize=1431 file=Assets/DefaultResourcesExtra/TerrainShaders/Utils/Hidden/TerrainEngine/TerrainLayerUtils pass=Get Terrain Layer Channel cachingPP=1 ppOnly=0 stripLineD=0 buildPlatform=19 rsLen=0 pKW=UNITY_ENABLE_REFLECTION_BUFFERS UNITY_USE_DITHER_MASK_FOR_ALPHABLENDED_SHADOWS UNITY_PBS_USE_BRDF1 UNITY_SPECCUBE_BOX_PROJECTION UNITY_SPECCUBE_BLENDING UNITY_ENABLE_DETAIL_NORMALMAP SHADER_API_DESKTOP UNITY_LIGHT_PROBE_PROXY_VOLUME UNITY_LIGHTMAP_FULL_HDR uKW= dKW=UNITY_NO_DXT5nm UNITY_FRAMEBUFFER_FETCH_AVAILABLE UNITY_ENABLE_NATIVE_SHADOW_LOOKUPS UNITY_METAL_SHADOWS_USE_POINT_FILTERING UNITY_NO_SCREENSPACE_SHADOWS UNITY_PBS_USE_BRDF2 UNITY_PBS_USE_BRDF3 UNITY_NO_FULL_STANDARD_SHADER UNITY_HARDWARE_TIER1 UNITY_HARDWARE_TIER2 UNITY_HARDWARE_TIER3 UNITY_COLORSPACE_GAMMA UNITY_HALF_PRECISION_FRAGMENT_SHADER_REGISTERS UNITY_LIGHTMAP_DLDR_ENCODING UNITY_LIGHTMAP_RGBM_ENCODING UNITY_VIRTUAL_TEXTURING UNITY_PRETRANSFORM_TO_DISPLAY_ORIENTATION UNITY_ASTC_NORMALMAP_ENCODING SHADER_API_GLES30 UNITY_UNIFIED_SHADER_PRECISION_MODEL flags=0 lang=0 type=Fragment platform=d3d11 reqs=33 mask=6 start=28 ok=1 outsize=386

Cmd: compileSnippet
  insize=2486 file=Assets/DefaultResourcesExtra/TerrainShaders/Utils/Hidden/TerrainEngine/PaintHeight pass=Paint Texture cachingPP=1 ppOnly=0 stripLineD=0 buildPlatform=19 rsLen=0 pKW=UNITY_ENABLE_REFLECTION_BUFFERS UNITY_USE_DITHER_MASK_FOR_ALPHABLENDED_SHADOWS UNITY_PBS_USE_BRDF1 UNITY_SPECCUBE_BOX_PROJECTION UNITY_SPECCUBE_BLENDING UNITY_ENABLE_DETAIL_NORMALMAP SHADER_API_DESKTOP UNITY_LIGHT_PROBE_PROXY_VOLUME UNITY_LIGHTMAP_FULL_HDR uKW= dKW=UNITY_NO_DXT5nm UNITY_FRAMEBUFFER_FETCH_AVAILABLE UNITY_ENABLE_NATIVE_SHADOW_LOOKUPS UNITY_METAL_SHADOWS_USE_POINT_FILTERING UNITY_NO_SCREENSPACE_SHADOWS UNITY_PBS_USE_BRDF2 UNITY_PBS_USE_BRDF3 UNITY_NO_FULL_STANDARD_SHADER UNITY_HARDWARE_TIER1 UNITY_HARDWARE_TIER2 UNITY_HARDWARE_TIER3 UNITY_COLORSPACE_GAMMA UNITY_HALF_PRECISION_FRAGMENT_SHADER_REGISTERS UNITY_LIGHTMAP_DLDR_ENCODING UNITY_LIGHTMAP_RGBM_ENCODING UNITY_VIRTUAL_TEXTURING UNITY_PRETRANSFORM_TO_DISPLAY_ORIENTATION UNITY_ASTC_NORMALMAP_ENCODING SHADER_API_GLES30 UNITY_UNIFIED_SHADER_PRECISION_MODEL flags=0 lang=0 type=Vertex platform=d3d11 reqs=33 mask=6 start=225 ok=1 outsize=682

Cmd: compileSnippet
  insize=2486 file=Assets/DefaultResourcesExtra/TerrainShaders/Utils/Hidden/TerrainEngine/PaintHeight pass=Paint Texture cachingPP=1 ppOnly=0 stripLineD=0 buildPlatform=19 rsLen=0 pKW=UNITY_ENABLE_REFLECTION_BUFFERS UNITY_USE_DITHER_MASK_FOR_ALPHABLENDED_SHADOWS UNITY_PBS_USE_BRDF1 UNITY_SPECCUBE_BOX_PROJECTION UNITY_SPECCUBE_BLENDING UNITY_ENABLE_DETAIL_NORMALMAP SHADER_API_DESKTOP UNITY_LIGHT_PROBE_PROXY_VOLUME UNITY_LIGHTMAP_FULL_HDR uKW= dKW=UNITY_NO_DXT5nm UNITY_FRAMEBUFFER_FETCH_AVAILABLE UNITY_ENABLE_NATIVE_SHADOW_LOOKUPS UNITY_METAL_SHADOWS_USE_POINT_FILTERING UNITY_NO_SCREENSPACE_SHADOWS UNITY_PBS_USE_BRDF2 UNITY_PBS_USE_BRDF3 UNITY_NO_FULL_STANDARD_SHADER UNITY_HARDWARE_TIER1 UNITY_HARDWARE_TIER2 UNITY_HARDWARE_TIER3 UNITY_COLORSPACE_GAMMA UNITY_HALF_PRECISION_FRAGMENT_SHADER_REGISTERS UNITY_LIGHTMAP_DLDR_ENCODING UNITY_LIGHTMAP_RGBM_ENCODING UNITY_VIRTUAL_TEXTURING UNITY_PRETRANSFORM_TO_DISPLAY_ORIENTATION UNITY_ASTC_NORMALMAP_ENCODING SHADER_API_GLES30 UNITY_UNIFIED_SHADER_PRECISION_MODEL flags=0 lang=0 type=Fragment platform=d3d11 reqs=33 mask=6 start=225 ok=1 outsize=854

Cmd: compileSnippet
  insize=3289 file=Assets/DefaultResourcesExtra/TerrainShaders/Utils/Hidden/TerrainEngine/TerrainLayerUtils pass=Set Terrain Layer Channel cachingPP=1 ppOnly=0 stripLineD=0 buildPlatform=19 rsLen=0 pKW=UNITY_ENABLE_REFLECTION_BUFFERS UNITY_USE_DITHER_MASK_FOR_ALPHABLENDED_SHADOWS UNITY_PBS_USE_BRDF1 UNITY_SPECCUBE_BOX_PROJECTION UNITY_SPECCUBE_BLENDING UNITY_ENABLE_DETAIL_NORMALMAP SHADER_API_DESKTOP UNITY_LIGHT_PROBE_PROXY_VOLUME UNITY_LIGHTMAP_FULL_HDR uKW= dKW=UNITY_NO_DXT5nm UNITY_FRAMEBUFFER_FETCH_AVAILABLE UNITY_ENABLE_NATIVE_SHADOW_LOOKUPS UNITY_METAL_SHADOWS_USE_POINT_FILTERING UNITY_NO_SCREENSPACE_SHADOWS UNITY_PBS_USE_BRDF2 UNITY_PBS_USE_BRDF3 UNITY_NO_FULL_STANDARD_SHADER UNITY_HARDWARE_TIER1 UNITY_HARDWARE_TIER2 UNITY_HARDWARE_TIER3 UNITY_COLORSPACE_GAMMA UNITY_HALF_PRECISION_FRAGMENT_SHADER_REGISTERS UNITY_LIGHTMAP_DLDR_ENCODING UNITY_LIGHTMAP_RGBM_ENCODING UNITY_VIRTUAL_TEXTURING UNITY_PRETRANSFORM_TO_DISPLAY_ORIENTATION UNITY_ASTC_NORMALMAP_ENCODING SHADER_API_GLES30 UNITY_UNIFIED_SHADER_PRECISION_MODEL flags=0 lang=0 type=Vertex platform=d3d11 reqs=33 mask=6 start=59 ok=1 outsize=774

Cmd: compileSnippet
  insize=3289 file=Assets/DefaultResourcesExtra/TerrainShaders/Utils/Hidden/TerrainEngine/TerrainLayerUtils pass=Set Terrain Layer Channel cachingPP=1 ppOnly=0 stripLineD=0 buildPlatform=19 rsLen=0 pKW=UNITY_ENABLE_REFLECTION_BUFFERS UNITY_USE_DITHER_MASK_FOR_ALPHABLENDED_SHADOWS UNITY_PBS_USE_BRDF1 UNITY_SPECCUBE_BOX_PROJECTION UNITY_SPECCUBE_BLENDING UNITY_ENABLE_DETAIL_NORMALMAP SHADER_API_DESKTOP UNITY_LIGHT_PROBE_PROXY_VOLUME UNITY_LIGHTMAP_FULL_HDR uKW= dKW=UNITY_NO_DXT5nm UNITY_FRAMEBUFFER_FETCH_AVAILABLE UNITY_ENABLE_NATIVE_SHADOW_LOOKUPS UNITY_METAL_SHADOWS_USE_POINT_FILTERING UNITY_NO_SCREENSPACE_SHADOWS UNITY_PBS_USE_BRDF2 UNITY_PBS_USE_BRDF3 UNITY_NO_FULL_STANDARD_SHADER UNITY_HARDWARE_TIER1 UNITY_HARDWARE_TIER2 UNITY_HARDWARE_TIER3 UNITY_COLORSPACE_GAMMA UNITY_HALF_PRECISION_FRAGMENT_SHADER_REGISTERS UNITY_LIGHTMAP_DLDR_ENCODING UNITY_LIGHTMAP_RGBM_ENCODING UNITY_VIRTUAL_TEXTURING UNITY_PRETRANSFORM_TO_DISPLAY_ORIENTATION UNITY_ASTC_NORMALMAP_ENCODING SHADER_API_GLES30 UNITY_UNIFIED_SHADER_PRECISION_MODEL flags=0 lang=0 type=Fragment platform=d3d11 reqs=33 mask=6 start=59 ok=1 outsize=886

Cmd: compileSnippet
  insize=981 file=Packages/com.unity.render-pipelines.high-definition/Runtime/ShaderLibrary/Hidden/HDRP/Blit pass=<Unnamed Pass 5> cachingPP=1 ppOnly=0 stripLineD=0 buildPlatform=19 rsLen=0 pKW=UNITY_ENABLE_REFLECTION_BUFFERS UNITY_USE_DITHER_MASK_FOR_ALPHABLENDED_SHADOWS UNITY_PBS_USE_BRDF1 UNITY_SPECCUBE_BOX_PROJECTION UNITY_SPECCUBE_BLENDING UNITY_ENABLE_DETAIL_NORMALMAP SHADER_API_DESKTOP UNITY_LIGHT_PROBE_PROXY_VOLUME UNITY_LIGHTMAP_FULL_HDR uKW=DISABLE_TEXTURE2D_X_ARRAY dKW=BLIT_SINGLE_SLICE UNITY_NO_DXT5nm UNITY_FRAMEBUFFER_FETCH_AVAILABLE UNITY_ENABLE_NATIVE_SHADOW_LOOKUPS UNITY_METAL_SHADOWS_USE_POINT_FILTERING UNITY_NO_SCREENSPACE_SHADOWS UNITY_PBS_USE_BRDF2 UNITY_PBS_USE_BRDF3 UNITY_NO_FULL_STANDARD_SHADER UNITY_HARDWARE_TIER1 UNITY_HARDWARE_TIER2 UNITY_HARDWARE_TIER3 UNITY_COLORSPACE_GAMMA UNITY_HALF_PRECISION_FRAGMENT_SHADER_REGISTERS UNITY_LIGHTMAP_DLDR_ENCODING UNITY_LIGHTMAP_RGBM_ENCODING UNITY_VIRTUAL_TEXTURING UNITY_PRETRANSFORM_TO_DISPLAY_ORIENTATION UNITY_ASTC_NORMALMAP_ENCODING SHADER_API_GLES30 UNITY_UNIFIED_SHADER_PRECISION_MODEL flags=0 lang=3 type=Vertex platform=d3d11 reqs=1101803 mask=6 start=79 ok=1 outsize=974

Cmd: compileSnippet
  insize=981 file=Packages/com.unity.render-pipelines.high-definition/Runtime/ShaderLibrary/Hidden/HDRP/Blit pass=<Unnamed Pass 5> cachingPP=1 ppOnly=0 stripLineD=0 buildPlatform=19 rsLen=0 pKW=UNITY_ENABLE_REFLECTION_BUFFERS UNITY_USE_DITHER_MASK_FOR_ALPHABLENDED_SHADOWS UNITY_PBS_USE_BRDF1 UNITY_SPECCUBE_BOX_PROJECTION UNITY_SPECCUBE_BLENDING UNITY_ENABLE_DETAIL_NORMALMAP SHADER_API_DESKTOP UNITY_LIGHT_PROBE_PROXY_VOLUME UNITY_LIGHTMAP_FULL_HDR uKW=DISABLE_TEXTURE2D_X_ARRAY dKW=BLIT_SINGLE_SLICE UNITY_NO_DXT5nm UNITY_FRAMEBUFFER_FETCH_AVAILABLE UNITY_ENABLE_NATIVE_SHADOW_LOOKUPS UNITY_METAL_SHADOWS_USE_POINT_FILTERING UNITY_NO_SCREENSPACE_SHADOWS UNITY_PBS_USE_BRDF2 UNITY_PBS_USE_BRDF3 UNITY_NO_FULL_STANDARD_SHADER UNITY_HARDWARE_TIER1 UNITY_HARDWARE_TIER2 UNITY_HARDWARE_TIER3 UNITY_COLORSPACE_GAMMA UNITY_HALF_PRECISION_FRAGMENT_SHADER_REGISTERS UNITY_LIGHTMAP_DLDR_ENCODING UNITY_LIGHTMAP_RGBM_ENCODING UNITY_VIRTUAL_TEXTURING UNITY_PRETRANSFORM_TO_DISPLAY_ORIENTATION UNITY_ASTC_NORMALMAP_ENCODING SHADER_API_GLES30 UNITY_UNIFIED_SHADER_PRECISION_MODEL flags=0 lang=3 type=Fragment platform=d3d11 reqs=1101803 mask=6 start=79 ok=1 outsize=370

Cmd: compileSnippet
  insize=22586 file=Assets/BruteForce-GrassShader/Shaders/HDRP/BruteForceHDRP/InteractiveGrassTerrainHDRP pass=ShadowCaster cachingPP=1 ppOnly=0 stripLineD=0 buildPlatform=19 rsLen=0 pKW=UNITY_ENABLE_REFLECTION_BUFFERS UNITY_USE_DITHER_MASK_FOR_ALPHABLENDED_SHADOWS UNITY_PBS_USE_BRDF1 UNITY_SPECCUBE_BOX_PROJECTION UNITY_SPECCUBE_BLENDING UNITY_ENABLE_DETAIL_NORMALMAP SHADER_API_DESKTOP UNITY_LIGHT_PROBE_PROXY_VOLUME UNITY_LIGHTMAP_FULL_HDR UNITY_PASS_SHADOWCASTER uKW=USE_RT USE_SC dKW=_SURFACE_TYPE_TRANSPARENT LOD_FADE_CROSSFADE WRITE_NORMAL_BUFFER WRITE_MSAA_DEPTH USE_PR USE_VR USE_TP USE_CS INSTANCING_ON _ALPHATEST_ON _DEPTHOFFSET_ON _DOUBLESIDED_ON _VERTEX_DISPLACEMENT _PIXEL_DISPLACEMENT _VERTEX_DISPLACEMENT_LOCK_OBJECT_SCALE _DISPLACEMENT_LOCK_TILING_SCALE _PIXEL_DISPLACEMENT_LOCK_OBJECT_SCALE _REFRACTION_PLANE _REFRACTION_SPHERE _REFRACTION_THIN _EMISSIVE_MAPPING_PLANAR _EMISSIVE_MAPPING_TRIPLANAR _MAPPING_PLANAR _MAPPING_TRIPLANAR _NORMALMAP_TANGENT_SPACE _REQUIRE_UV2 _REQUIRE_UV3 _NORMALMAP _MASKMAP _BENTNORMALMAP _EMISSIVE_COLOR_MAP _ENABLESPECULAROCCLUSION _SPECULAR_OCCLUSION_NONE _SPECULAR_OCCLUSION_FROM_BENT_NORMAL_MAP _HEIGHTMAP _TANGENTMAP _ANISOTROPYMAP _DETAIL_MAP _SUBSURFACE_MASK_MAP _THICKNESSMAP _IRIDESCENCE_THICKNESSMAP _SPECULARCOLORMAP _TRANSMITTANCECOLORMAP _DISABLE_DECALS _DISABLE_SSR _ENABLE_GEOMETRIC_SPECULAR_AA _BLENDMODE_ALPHA _BLENDMODE_ADD _BLENDMODE_PRE_MULTIPLY _BLENDMODE_PRESERVE_SPECULAR_LIGHTING _ENABLE_FOG_ON_TRANSPARENT _TRANSPARENT_WRITES_MOTION_VEC _MATERIAL_FEATURE_SUBSURFACE_SCATTERING _MATERIAL_FEATURE_TRANSMISSION _MATERIAL_FEATURE_ANISOTROPY _MATERIAL_FEATURE_CLEAR_COAT _MATERIAL_FEATURE_IRIDESCENCE _MATERIAL_FEATURE_SPECULAR_COLOR _ADD_PRECOMPUTED_VELOCITY UNITY_NO_DXT5nm UNITY_FRAMEBUFFER_FETCH_AVAILABLE UNITY_ENABLE_NATIVE_SHADOW_LOOKUPS UNITY_METAL_SHADOWS_USE_POINT_FILTERING UNITY_NO_SCREENSPACE_SHADOWS UNITY_PBS_USE_BRDF2 UNITY_PBS_USE_BRDF3 UNITY_NO_FULL_STANDARD_SHADER UNITY_HARDWARE_TIER1 UNITY_HARDWARE_TIER2 UNITY_HARDWARE_TIER3 UNITY_COLORSPACE_GAMMA UNITY_HALF_PRECISION_FRAGMENT_SHADER_REGISTERS UNITY_LIGHTMAP_DLDR_ENCODING UNITY_LIGHTMAP_RGBM_ENCODING UNITY_VIRTUAL_TEXTURING UNITY_PRETRANSFORM_TO_DISPLAY_ORIENTATION UNITY_ASTC_NORMALMAP_ENCODING SHADER_API_GLES30 UNITY_UNIFIED_SHADER_PRECISION_MODEL flags=0 lang=3 type=Vertex platform=d3d11 reqs=1105899 mask=14 start=1329  error: 1 plat 4 at (1519): 'TransformObjectToWorld': implicit truncation of vector type
  error: 1 plat 4 at (1530): 'TransformObjectToWorld': implicit truncation of vector type
  error: 1 plat 4 at (1531): 'TransformObjectToWorld': implicit truncation of vector type
  error: 1 plat 4 at (1532): 'TransformObjectToWorld': implicit truncation of vector type
  error: 1 plat 4 at (1549): 'i': loop control variable conflicts with a previous declaration in the outer scope; most recent declaration will be used
  error: 1 plat 4 at (1568): 'TransformObjectToWorld': implicit truncation of vector type
  error: 1 plat 4 at (1604): implicit truncation of vector type
  error: 1 plat 4 at (1605): implicit truncation of vector type
  error: 1 plat 4 at (1618): implicit truncation of vector type
  error: 1 plat 4 at (1631): implicit truncation of vector type
  error: 1 plat 4 at (1641): implicit truncation of vector type
  error: 1 plat 4 at (1642): implicit truncation of vector type
  error: 1 plat 4 at (1643): implicit truncation of vector type
  error: 1 plat 4 at (1644): implicit truncation of vector type
  error: 1 plat 4 at (1645): implicit truncation of vector type
  error: 1 plat 4 at (1646): implicit truncation of vector type
  error: 1 plat 4 at (1647): implicit truncation of vector type
  error: 1 plat 4 at (1660): implicit truncation of vector type
  error: 1 plat 4 at (1661): implicit truncation of vector type
  error: 1 plat 4 at (1662): implicit truncation of vector type
  error: 1 plat 4 at (1663): implicit truncation of vector type
  error: 1 plat 4 at (1664): implicit truncation of vector type
  error: 1 plat 4 at (1665): implicit truncation of vector type
  error: 1 plat 4 at (1666): implicit truncation of vector type
  error: 1 plat 4 at (1667): implicit truncation of vector type
  error: 1 plat 4 at (1669): implicit truncation of vector type
  error: 1 plat 4 at (1685): implicit truncation of vector type
  error: 1 plat 4 at (1686): implicit truncation of vector type
  error: 1 plat 4 at (1687): implicit truncation of vector type
  error: 1 plat 4 at (1688): implicit truncation of vector type
  error: 1 plat 4 at (1689): implicit truncation of vector type
  error: 1 plat 4 at (1690): implicit truncation of vector type
  error: 1 plat 4 at (1691): implicit truncation of vector type
  error: 1 plat 4 at (1692): implicit truncation of vector type
  error: 1 plat 4 at (1694): implicit truncation of vector type
  error: 1 plat 4 at (1695): implicit truncation of vector type
  error: 1 plat 4 at (1696): implicit truncation of vector type
  error: 1 plat 4 at (1697): implicit truncation of vector type
  error: 1 plat 4 at (1698): implicit truncation of vector type
  error: 1 plat 4 at (1699): implicit truncation of vector type
  error: 1 plat 4 at (1700): implicit truncation of vector type
  error: 1 plat 4 at (1707): implicit truncation of vector type
 ok=1 outsize=1614

Cmd: compileSnippet
  insize=22586 file=Assets/BruteForce-GrassShader/Shaders/HDRP/BruteForceHDRP/InteractiveGrassTerrainHDRP pass=ShadowCaster cachingPP=1 ppOnly=0 stripLineD=0 buildPlatform=19 rsLen=0 pKW=UNITY_ENABLE_REFLECTION_BUFFERS UNITY_USE_DITHER_MASK_FOR_ALPHABLENDED_SHADOWS UNITY_PBS_USE_BRDF1 UNITY_SPECCUBE_BOX_PROJECTION UNITY_SPECCUBE_BLENDING UNITY_ENABLE_DETAIL_NORMALMAP SHADER_API_DESKTOP UNITY_LIGHT_PROBE_PROXY_VOLUME UNITY_LIGHTMAP_FULL_HDR UNITY_PASS_SHADOWCASTER uKW=USE_RT USE_SC dKW=_SURFACE_TYPE_TRANSPARENT LOD_FADE_CROSSFADE WRITE_NORMAL_BUFFER WRITE_MSAA_DEPTH USE_PR USE_VR USE_TP USE_CS INSTANCING_ON _ALPHATEST_ON _DEPTHOFFSET_ON _DOUBLESIDED_ON _VERTEX_DISPLACEMENT _PIXEL_DISPLACEMENT _VERTEX_DISPLACEMENT_LOCK_OBJECT_SCALE _DISPLACEMENT_LOCK_TILING_SCALE _PIXEL_DISPLACEMENT_LOCK_OBJECT_SCALE _REFRACTION_PLANE _REFRACTION_SPHERE _REFRACTION_THIN _EMISSIVE_MAPPING_PLANAR _EMISSIVE_MAPPING_TRIPLANAR _MAPPING_PLANAR _MAPPING_TRIPLANAR _NORMALMAP_TANGENT_SPACE _REQUIRE_UV2 _REQUIRE_UV3 _NORMALMAP _MASKMAP _BENTNORMALMAP _EMISSIVE_COLOR_MAP _ENABLESPECULAROCCLUSION _SPECULAR_OCCLUSION_NONE _SPECULAR_OCCLUSION_FROM_BENT_NORMAL_MAP _HEIGHTMAP _TANGENTMAP _ANISOTROPYMAP _DETAIL_MAP _SUBSURFACE_MASK_MAP _THICKNESSMAP _IRIDESCENCE_THICKNESSMAP _SPECULARCOLORMAP _TRANSMITTANCECOLORMAP _DISABLE_DECALS _DISABLE_SSR _ENABLE_GEOMETRIC_SPECULAR_AA _BLENDMODE_ALPHA _BLENDMODE_ADD _BLENDMODE_PRE_MULTIPLY _BLENDMODE_PRESERVE_SPECULAR_LIGHTING _ENABLE_FOG_ON_TRANSPARENT _TRANSPARENT_WRITES_MOTION_VEC _MATERIAL_FEATURE_SUBSURFACE_SCATTERING _MATERIAL_FEATURE_TRANSMISSION _MATERIAL_FEATURE_ANISOTROPY _MATERIAL_FEATURE_CLEAR_COAT _MATERIAL_FEATURE_IRIDESCENCE _MATERIAL_FEATURE_SPECULAR_COLOR _ADD_PRECOMPUTED_VELOCITY UNITY_NO_DXT5nm UNITY_FRAMEBUFFER_FETCH_AVAILABLE UNITY_ENABLE_NATIVE_SHADOW_LOOKUPS UNITY_METAL_SHADOWS_USE_POINT_FILTERING UNITY_NO_SCREENSPACE_SHADOWS UNITY_PBS_USE_BRDF2 UNITY_PBS_USE_BRDF3 UNITY_NO_FULL_STANDARD_SHADER UNITY_HARDWARE_TIER1 UNITY_HARDWARE_TIER2 UNITY_HARDWARE_TIER3 UNITY_COLORSPACE_GAMMA UNITY_HALF_PRECISION_FRAGMENT_SHADER_REGISTERS UNITY_LIGHTMAP_DLDR_ENCODING UNITY_LIGHTMAP_RGBM_ENCODING UNITY_VIRTUAL_TEXTURING UNITY_PRETRANSFORM_TO_DISPLAY_ORIENTATION UNITY_ASTC_NORMALMAP_ENCODING SHADER_API_GLES30 UNITY_UNIFIED_SHADER_PRECISION_MODEL flags=0 lang=3 type=Fragment platform=d3d11 reqs=1105899 mask=14 start=1329  error: 1 plat 4 at (1519): 'TransformObjectToWorld': implicit truncation of vector type
  error: 1 plat 4 at (1530): 'TransformObjectToWorld': implicit truncation of vector type
  error: 1 plat 4 at (1531): 'TransformObjectToWorld': implicit truncation of vector type
  error: 1 plat 4 at (1532): 'TransformObjectToWorld': implicit truncation of vector type
  error: 1 plat 4 at (1549): 'i': loop control variable conflicts with a previous declaration in the outer scope; most recent declaration will be used
  error: 1 plat 4 at (1568): 'TransformObjectToWorld': implicit truncation of vector type
  error: 1 plat 4 at (1604): implicit truncation of vector type
  error: 1 plat 4 at (1605): implicit truncation of vector type
  error: 1 plat 4 at (1618): implicit truncation of vector type
  error: 1 plat 4 at (1631): implicit truncation of vector type
  error: 1 plat 4 at (1641): implicit truncation of vector type
  error: 1 plat 4 at (1642): implicit truncation of vector type
  error: 1 plat 4 at (1643): implicit truncation of vector type
  error: 1 plat 4 at (1644): implicit truncation of vector type
  error: 1 plat 4 at (1645): implicit truncation of vector type
  error: 1 plat 4 at (1646): implicit truncation of vector type
  error: 1 plat 4 at (1647): implicit truncation of vector type
  error: 1 plat 4 at (1660): implicit truncation of vector type
  error: 1 plat 4 at (1661): implicit truncation of vector type
  error: 1 plat 4 at (1662): implicit truncation of vector type
  error: 1 plat 4 at (1663): implicit truncation of vector type
  error: 1 plat 4 at (1664): implicit truncation of vector type
  error: 1 plat 4 at (1665): implicit truncation of vector type
  error: 1 plat 4 at (1666): implicit truncation of vector type
  error: 1 plat 4 at (1667): implicit truncation of vector type
  error: 1 plat 4 at (1669): implicit truncation of vector type
  error: 1 plat 4 at (1685): implicit truncation of vector type
  error: 1 plat 4 at (1686): implicit truncation of vector type
  error: 1 plat 4 at (1687): implicit truncation of vector type
  error: 1 plat 4 at (1688): implicit truncation of vector type
  error: 1 plat 4 at (1689): implicit truncation of vector type
  error: 1 plat 4 at (1690): implicit truncation of vector type
  error: 1 plat 4 at (1691): implicit truncation of vector type
  error: 1 plat 4 at (1692): implicit truncation of vector type
  error: 1 plat 4 at (1694): implicit truncation of vector type
  error: 1 plat 4 at (1695): implicit truncation of vector type
  error: 1 plat 4 at (1696): implicit truncation of vector type
  error: 1 plat 4 at (1697): implicit truncation of vector type
  error: 1 plat 4 at (1698): implicit truncation of vector type
  error: 1 plat 4 at (1699): implicit truncation of vector type
  error: 1 plat 4 at (1700): implicit truncation of vector type
  error: 1 plat 4 at (1707): implicit truncation of vector type
 ok=1 outsize=4730

Cmd: compileSnippet
  insize=22586 file=Assets/BruteForce-GrassShader/Shaders/HDRP/BruteForceHDRP/InteractiveGrassTerrainHDRP pass=ShadowCaster cachingPP=1 ppOnly=0 stripLineD=0 buildPlatform=19 rsLen=0 pKW=UNITY_ENABLE_REFLECTION_BUFFERS UNITY_USE_DITHER_MASK_FOR_ALPHABLENDED_SHADOWS UNITY_PBS_USE_BRDF1 UNITY_SPECCUBE_BOX_PROJECTION UNITY_SPECCUBE_BLENDING UNITY_ENABLE_DETAIL_NORMALMAP SHADER_API_DESKTOP UNITY_LIGHT_PROBE_PROXY_VOLUME UNITY_LIGHTMAP_FULL_HDR UNITY_PASS_SHADOWCASTER uKW=USE_RT USE_SC dKW=_SURFACE_TYPE_TRANSPARENT LOD_FADE_CROSSFADE WRITE_NORMAL_BUFFER WRITE_MSAA_DEPTH USE_PR USE_VR USE_TP USE_CS INSTANCING_ON _ALPHATEST_ON _DEPTHOFFSET_ON _DOUBLESIDED_ON _VERTEX_DISPLACEMENT _PIXEL_DISPLACEMENT _VERTEX_DISPLACEMENT_LOCK_OBJECT_SCALE _DISPLACEMENT_LOCK_TILING_SCALE _PIXEL_DISPLACEMENT_LOCK_OBJECT_SCALE _REFRACTION_PLANE _REFRACTION_SPHERE _REFRACTION_THIN _EMISSIVE_MAPPING_PLANAR _EMISSIVE_MAPPING_TRIPLANAR _MAPPING_PLANAR _MAPPING_TRIPLANAR _NORMALMAP_TANGENT_SPACE _REQUIRE_UV2 _REQUIRE_UV3 _NORMALMAP _MASKMAP _BENTNORMALMAP _EMISSIVE_COLOR_MAP _ENABLESPECULAROCCLUSION _SPECULAR_OCCLUSION_NONE _SPECULAR_OCCLUSION_FROM_BENT_NORMAL_MAP _HEIGHTMAP _TANGENTMAP _ANISOTROPYMAP _DETAIL_MAP _SUBSURFACE_MASK_MAP _THICKNESSMAP _IRIDESCENCE_THICKNESSMAP _SPECULARCOLORMAP _TRANSMITTANCECOLORMAP _DISABLE_DECALS _DISABLE_SSR _ENABLE_GEOMETRIC_SPECULAR_AA _BLENDMODE_ALPHA _BLENDMODE_ADD _BLENDMODE_PRE_MULTIPLY _BLENDMODE_PRESERVE_SPECULAR_LIGHTING _ENABLE_FOG_ON_TRANSPARENT _TRANSPARENT_WRITES_MOTION_VEC _MATERIAL_FEATURE_SUBSURFACE_SCATTERING _MATERIAL_FEATURE_TRANSMISSION _MATERIAL_FEATURE_ANISOTROPY _MATERIAL_FEATURE_CLEAR_COAT _MATERIAL_FEATURE_IRIDESCENCE _MATERIAL_FEATURE_SPECULAR_COLOR _ADD_PRECOMPUTED_VELOCITY UNITY_NO_DXT5nm UNITY_FRAMEBUFFER_FETCH_AVAILABLE UNITY_ENABLE_NATIVE_SHADOW_LOOKUPS UNITY_METAL_SHADOWS_USE_POINT_FILTERING UNITY_NO_SCREENSPACE_SHADOWS UNITY_PBS_USE_BRDF2 UNITY_PBS_USE_BRDF3 UNITY_NO_FULL_STANDARD_SHADER UNITY_HARDWARE_TIER1 UNITY_HARDWARE_TIER2 UNITY_HARDWARE_TIER3 UNITY_COLORSPACE_GAMMA UNITY_HALF_PRECISION_FRAGMENT_SHADER_REGISTERS UNITY_LIGHTMAP_DLDR_ENCODING UNITY_LIGHTMAP_RGBM_ENCODING UNITY_VIRTUAL_TEXTURING UNITY_PRETRANSFORM_TO_DISPLAY_ORIENTATION UNITY_ASTC_NORMALMAP_ENCODING SHADER_API_GLES30 UNITY_UNIFIED_SHADER_PRECISION_MODEL flags=0 lang=3 type=Geometry platform=d3d11 reqs=1105899 mask=14 start=1329  error: 1 plat 4 at (1519): 'TransformObjectToWorld': implicit truncation of vector type
  error: 1 plat 4 at (1530): 'TransformObjectToWorld': implicit truncation of vector type
  error: 1 plat 4 at (1531): 'TransformObjectToWorld': implicit truncation of vector type
  error: 1 plat 4 at (1532): 'TransformObjectToWorld': implicit truncation of vector type
  error: 1 plat 4 at (1549): 'i': loop control variable conflicts with a previous declaration in the outer scope; most recent declaration will be used
  error: 1 plat 4 at (1568): 'TransformObjectToWorld': implicit truncation of vector type
  error: 1 plat 4 at (1604): implicit truncation of vector type
  error: 1 plat 4 at (1605): implicit truncation of vector type
  error: 1 plat 4 at (1618): implicit truncation of vector type
  error: 1 plat 4 at (1631): implicit truncation of vector type
  error: 1 plat 4 at (1641): implicit truncation of vector type
  error: 1 plat 4 at (1642): implicit truncation of vector type
  error: 1 plat 4 at (1643): implicit truncation of vector type
  error: 1 plat 4 at (1644): implicit truncation of vector type
  error: 1 plat 4 at (1645): implicit truncation of vector type
  error: 1 plat 4 at (1646): implicit truncation of vector type
  error: 1 plat 4 at (1647): implicit truncation of vector type
  error: 1 plat 4 at (1660): implicit truncation of vector type
  error: 1 plat 4 at (1661): implicit truncation of vector type
  error: 1 plat 4 at (1662): implicit truncation of vector type
  error: 1 plat 4 at (1663): implicit truncation of vector type
  error: 1 plat 4 at (1664): implicit truncation of vector type
  error: 1 plat 4 at (1665): implicit truncation of vector type
  error: 1 plat 4 at (1666): implicit truncation of vector type
  error: 1 plat 4 at (1667): implicit truncation of vector type
  error: 1 plat 4 at (1669): implicit truncation of vector type
  error: 1 plat 4 at (1685): implicit truncation of vector type
  error: 1 plat 4 at (1686): implicit truncation of vector type
  error: 1 plat 4 at (1687): implicit truncation of vector type
  error: 1 plat 4 at (1688): implicit truncation of vector type
  error: 1 plat 4 at (1689): implicit truncation of vector type
  error: 1 plat 4 at (1690): implicit truncation of vector type
  error: 1 plat 4 at (1691): implicit truncation of vector type
  error: 1 plat 4 at (1692): implicit truncation of vector type
  error: 1 plat 4 at (1694): implicit truncation of vector type
  error: 1 plat 4 at (1695): implicit truncation of vector type
  error: 1 plat 4 at (1696): implicit truncation of vector type
  error: 1 plat 4 at (1697): implicit truncation of vector type
  error: 1 plat 4 at (1698): implicit truncation of vector type
  error: 1 plat 4 at (1699): implicit truncation of vector type
  error: 1 plat 4 at (1700): implicit truncation of vector type
  error: 1 plat 4 at (1707): implicit truncation of vector type
 ok=1 outsize=5382

Cmd: compileSnippet
  insize=29554 file=Assets/BruteForce-GrassShader/Shaders/HDRP/BruteForceHDRP/InteractiveGrassTerrainHDRP pass=GBuffer cachingPP=1 ppOnly=0 stripLineD=0 buildPlatform=19 rsLen=0 pKW=UNITY_ENABLE_REFLECTION_BUFFERS UNITY_USE_DITHER_MASK_FOR_ALPHABLENDED_SHADOWS UNITY_PBS_USE_BRDF1 UNITY_SPECCUBE_BOX_PROJECTION UNITY_SPECCUBE_BLENDING UNITY_ENABLE_DETAIL_NORMALMAP SHADER_API_DESKTOP UNITY_LIGHT_PROBE_PROXY_VOLUME UNITY_LIGHTMAP_FULL_HDR uKW=USE_RT USE_SC USE_SS USE_BMP DECALS_OFF dKW=_SURFACE_TYPE_TRANSPARENT LOD_FADE_CROSSFADE USE_VR USE_TP USE_BP USE_CS LIGHTMAP_ON DIRLIGHTMAP_COMBINED DECALS_3RT DECALS_4RT LIGHT_LAYERS FOG_LINEAR FOG_EXP FOG_EXP2 INSTANCING_ON _ALPHATEST_ON _DEPTHOFFSET_ON _DOUBLESIDED_ON _VERTEX_DISPLACEMENT _PIXEL_DISPLACEMENT _VERTEX_DISPLACEMENT_LOCK_OBJECT_SCALE _DISPLACEMENT_LOCK_TILING_SCALE _PIXEL_DISPLACEMENT_LOCK_OBJECT_SCALE _REFRACTION_PLANE _REFRACTION_SPHERE _REFRACTION_THIN _EMISSIVE_MAPPING_PLANAR _EMISSIVE_MAPPING_TRIPLANAR _MAPPING_PLANAR _MAPPING_TRIPLANAR _NORMALMAP_TANGENT_SPACE _REQUIRE_UV2 _REQUIRE_UV3 _NORMALMAP _MASKMAP _BENTNORMALMAP _EMISSIVE_COLOR_MAP _ENABLESPECULAROCCLUSION _SPECULAR_OCCLUSION_NONE _SPECULAR_OCCLUSION_FROM_BENT_NORMAL_MAP _HEIGHTMAP _TANGENTMAP _ANISOTROPYMAP _DETAIL_MAP _SUBSURFACE_MASK_MAP _THICKNESSMAP _IRIDESCENCE_THICKNESSMAP _SPECULARCOLORMAP _TRANSMITTANCECOLORMAP _DISABLE_DECALS _DISABLE_SSR _ENABLE_GEOMETRIC_SPECULAR_AA _BLENDMODE_ALPHA _BLENDMODE_ADD _BLENDMODE_PRE_MULTIPLY _BLENDMODE_PRESERVE_SPECULAR_LIGHTING _ENABLE_FOG_ON_TRANSPARENT _TRANSPARENT_WRITES_MOTION_VEC _MATERIAL_FEATURE_SUBSURFACE_SCATTERING _MATERIAL_FEATURE_TRANSMISSION _MATERIAL_FEATURE_ANISOTROPY _MATERIAL_FEATURE_CLEAR_COAT _MATERIAL_FEATURE_IRIDESCENCE _MATERIAL_FEATURE_SPECULAR_COLOR _ADD_PRECOMPUTED_VELOCITY UNITY_NO_DXT5nm UNITY_FRAMEBUFFER_FETCH_AVAILABLE UNITY_ENABLE_NATIVE_SHADOW_LOOKUPS UNITY_METAL_SHADOWS_USE_POINT_FILTERING UNITY_NO_SCREENSPACE_SHADOWS UNITY_PBS_USE_BRDF2 UNITY_PBS_USE_BRDF3 UNITY_NO_FULL_STANDARD_SHADER UNITY_HARDWARE_TIER1 UNITY_HARDWARE_TIER2 UNITY_HARDWARE_TIER3 UNITY_COLORSPACE_GAMMA UNITY_HALF_PRECISION_FRAGMENT_SHADER_REGISTERS UNITY_LIGHTMAP_DLDR_ENCODING UNITY_LIGHTMAP_RGBM_ENCODING UNITY_VIRTUAL_TEXTURING UNITY_PRETRANSFORM_TO_DISPLAY_ORIENTATION UNITY_ASTC_NORMALMAP_ENCODING SHADER_API_GLES30 UNITY_UNIFIED_SHADER_PRECISION_MODEL flags=0 lang=3 type=Vertex platform=d3d11 reqs=1105899 mask=14 start=285  error: 1 plat 4 at (487): implicit truncation of vector type
  error: 1 plat 4 at (489): 'TransformObjectToWorld': implicit truncation of vector type
  error: 1 plat 4 at (569): 'TransformObjectToWorld': implicit truncation of vector type
  error: 1 plat 4 at (570): 'TransformObjectToWorld': implicit truncation of vector type
  error: 1 plat 4 at (571): 'TransformObjectToWorld': implicit truncation of vector type
  error: 1 plat 4 at (616): implicit truncation of vector type
  error: 1 plat 4 at (617): implicit truncation of vector type
  error: 1 plat 4 at (618): implicit truncation of vector type
  error: 1 plat 4 at (670): implicit truncation of vector type
  error: 1 plat 4 at (683): implicit truncation of vector type
  error: 1 plat 4 at (684): implicit truncation of vector type
  error: 1 plat 4 at (697): implicit truncation of vector type
  error: 1 plat 4 at (711): implicit truncation of vector type
  error: 1 plat 4 at (713): implicit truncation of vector type
  error: 1 plat 4 at (714): implicit truncation of vector type
  error: 1 plat 4 at (715): implicit truncation of vector type
  error: 1 plat 4 at (716): implicit truncation of vector type
  error: 1 plat 4 at (717): implicit truncation of vector type
  error: 1 plat 4 at (718): implicit truncation of vector type
  error: 1 plat 4 at (719): implicit truncation of vector type
  error: 1 plat 4 at (740): implicit truncation of vector type
  error: 1 plat 4 at (741): implicit truncation of vector type
  error: 1 plat 4 at (742): implicit truncation of vector type
  error: 1 plat 4 at (743): implicit truncation of vector type
  error: 1 plat 4 at (744): implicit truncation of vector type
  error: 1 plat 4 at (745): implicit truncation of vector type
  error: 1 plat 4 at (746): implicit truncation of vector type
  error: 1 plat 4 at (747): implicit truncation of vector type
  error: 1 plat 4 at (749): implicit truncation of vector type
  error: 1 plat 4 at (769): implicit truncation of vector type
  error: 1 plat 4 at (778): implicit truncation of vector type
  error: 1 plat 4 at (779): implicit truncation of vector type
  error: 1 plat 4 at (780): implicit truncation of vector type
  error: 1 plat 4 at (781): implicit truncation of vector type
  error: 1 plat 4 at (782): implicit truncation of vector type
  error: 1 plat 4 at (783): implicit truncation of vector type
  error: 1 plat 4 at (784): implicit truncation of vector type
  error: 1 plat 4 at (785): implicit truncation of vector type
  error: 1 plat 4 at (787): implicit truncation of vector type
  error: 1 plat 4 at (788): implicit truncation of vector type
  error: 1 plat 4 at (789): implicit truncation of vector type
  error: 1 plat 4 at (790): implicit truncation of vector type
  error: 1 plat 4 at (791): implicit truncation of vector type
  error: 1 plat 4 at (792): implicit truncation of vector type
  error: 1 plat 4 at (793): implicit truncation of vector type
  error: 1 plat 4 at (800): implicit truncation of vector type
  error: 1 plat 4 at (835): implicit truncation of vector type
  error: 1 plat 4 at (836): implicit truncation of vector type
  error: 1 plat 4 at (837): implicit truncation of vector type
  error: 1 plat 4 at (842): implicit truncation of vector type
  error: 1 plat 4 at (848): implicit truncation of vector type
 ok=1 outsize=1190

Cmd: compileSnippet
  insize=29554 file=Assets/BruteForce-GrassShader/Shaders/HDRP/BruteForceHDRP/InteractiveGrassTerrainHDRP pass=GBuffer cachingPP=1 ppOnly=0 stripLineD=0 buildPlatform=19 rsLen=0 pKW=UNITY_ENABLE_REFLECTION_BUFFERS UNITY_USE_DITHER_MASK_FOR_ALPHABLENDED_SHADOWS UNITY_PBS_USE_BRDF1 UNITY_SPECCUBE_BOX_PROJECTION UNITY_SPECCUBE_BLENDING UNITY_ENABLE_DETAIL_NORMALMAP SHADER_API_DESKTOP UNITY_LIGHT_PROBE_PROXY_VOLUME UNITY_LIGHTMAP_FULL_HDR uKW=USE_RT USE_SC USE_SS USE_BMP DECALS_OFF dKW=_SURFACE_TYPE_TRANSPARENT LOD_FADE_CROSSFADE USE_VR USE_TP USE_BP USE_CS LIGHTMAP_ON DIRLIGHTMAP_COMBINED DECALS_3RT DECALS_4RT LIGHT_LAYERS FOG_LINEAR FOG_EXP FOG_EXP2 INSTANCING_ON _ALPHATEST_ON _DEPTHOFFSET_ON _DOUBLESIDED_ON _VERTEX_DISPLACEMENT _PIXEL_DISPLACEMENT _VERTEX_DISPLACEMENT_LOCK_OBJECT_SCALE _DISPLACEMENT_LOCK_TILING_SCALE _PIXEL_DISPLACEMENT_LOCK_OBJECT_SCALE _REFRACTION_PLANE _REFRACTION_SPHERE _REFRACTION_THIN _EMISSIVE_MAPPING_PLANAR _EMISSIVE_MAPPING_TRIPLANAR _MAPPING_PLANAR _MAPPING_TRIPLANAR _NORMALMAP_TANGENT_SPACE _REQUIRE_UV2 _REQUIRE_UV3 _NORMALMAP _MASKMAP _BENTNORMALMAP _EMISSIVE_COLOR_MAP _ENABLESPECULAROCCLUSION _SPECULAR_OCCLUSION_NONE _SPECULAR_OCCLUSION_FROM_BENT_NORMAL_MAP _HEIGHTMAP _TANGENTMAP _ANISOTROPYMAP _DETAIL_MAP _SUBSURFACE_MASK_MAP _THICKNESSMAP _IRIDESCENCE_THICKNESSMAP _SPECULARCOLORMAP _TRANSMITTANCECOLORMAP _DISABLE_DECALS _DISABLE_SSR _ENABLE_GEOMETRIC_SPECULAR_AA _BLENDMODE_ALPHA _BLENDMODE_ADD _BLENDMODE_PRE_MULTIPLY _BLENDMODE_PRESERVE_SPECULAR_LIGHTING _ENABLE_FOG_ON_TRANSPARENT _TRANSPARENT_WRITES_MOTION_VEC _MATERIAL_FEATURE_SUBSURFACE_SCATTERING _MATERIAL_FEATURE_TRANSMISSION _MATERIAL_FEATURE_ANISOTROPY _MATERIAL_FEATURE_CLEAR_COAT _MATERIAL_FEATURE_IRIDESCENCE _MATERIAL_FEATURE_SPECULAR_COLOR _ADD_PRECOMPUTED_VELOCITY UNITY_NO_DXT5nm UNITY_FRAMEBUFFER_FETCH_AVAILABLE UNITY_ENABLE_NATIVE_SHADOW_LOOKUPS UNITY_METAL_SHADOWS_USE_POINT_FILTERING UNITY_NO_SCREENSPACE_SHADOWS UNITY_PBS_USE_BRDF2 UNITY_PBS_USE_BRDF3 UNITY_NO_FULL_STANDARD_SHADER UNITY_HARDWARE_TIER1 UNITY_HARDWARE_TIER2 UNITY_HARDWARE_TIER3 UNITY_COLORSPACE_GAMMA UNITY_HALF_PRECISION_FRAGMENT_SHADER_REGISTERS UNITY_LIGHTMAP_DLDR_ENCODING UNITY_LIGHTMAP_RGBM_ENCODING UNITY_VIRTUAL_TEXTURING UNITY_PRETRANSFORM_TO_DISPLAY_ORIENTATION UNITY_ASTC_NORMALMAP_ENCODING SHADER_API_GLES30 UNITY_UNIFIED_SHADER_PRECISION_MODEL flags=0 lang=3 type=Fragment platform=d3d11 reqs=1105899 mask=14 start=285  error: 1 plat 4 at (487): implicit truncation of vector type
  error: 1 plat 4 at (489): 'TransformObjectToWorld': implicit truncation of vector type
  error: 1 plat 4 at (569): 'TransformObjectToWorld': implicit truncation of vector type
  error: 1 plat 4 at (570): 'TransformObjectToWorld': implicit truncation of vector type
  error: 1 plat 4 at (571): 'TransformObjectToWorld': implicit truncation of vector type
  error: 1 plat 4 at (616): implicit truncation of vector type
  error: 1 plat 4 at (617): implicit truncation of vector type
  error: 1 plat 4 at (618): implicit truncation of vector type
  error: 1 plat 4 at (670): implicit truncation of vector type
  error: 1 plat 4 at (683): implicit truncation of vector type
  error: 1 plat 4 at (684): implicit truncation of vector type
  error: 1 plat 4 at (697): implicit truncation of vector type
  error: 1 plat 4 at (711): implicit truncation of vector type
  error: 1 plat 4 at (713): implicit truncation of vector type
  error: 1 plat 4 at (714): implicit truncation of vector type
  error: 1 plat 4 at (715): implicit truncation of vector type
  error: 1 plat 4 at (716): implicit truncation of vector type
  error: 1 plat 4 at (717): implicit truncation of vector type
  error: 1 plat 4 at (718): implicit truncation of vector type
  error: 1 plat 4 at (719): implicit truncation of vector type
  error: 1 plat 4 at (740): implicit truncation of vector type
  error: 1 plat 4 at (741): implicit truncation of vector type
  error: 1 plat 4 at (742): implicit truncation of vector type
  error: 1 plat 4 at (743): implicit truncation of vector type
  error: 1 plat 4 at (744): implicit truncation of vector type
  error: 1 plat 4 at (745): implicit truncation of vector type
  error: 1 plat 4 at (746): implicit truncation of vector type
  error: 1 plat 4 at (747): implicit truncation of vector type
  error: 1 plat 4 at (749): implicit truncation of vector type
  error: 1 plat 4 at (769): implicit truncation of vector type
  error: 1 plat 4 at (778): implicit truncation of vector type
  error: 1 plat 4 at (779): implicit truncation of vector type
  error: 1 plat 4 at (780): implicit truncation of vector type
  error: 1 plat 4 at (781): implicit truncation of vector type
  error: 1 plat 4 at (782): implicit truncation of vector type
  error: 1 plat 4 at (783): implicit truncation of vector type
  error: 1 plat 4 at (784): implicit truncation of vector type
  error: 1 plat 4 at (785): implicit truncation of vector type
  error: 1 plat 4 at (787): implicit truncation of vector type
  error: 1 plat 4 at (788): implicit truncation of vector type
  error: 1 plat 4 at (789): implicit truncation of vector type
  error: 1 plat 4 at (790): implicit truncation of vector type
  error: 1 plat 4 at (791): implicit truncation of vector type
  error: 1 plat 4 at (792): implicit truncation of vector type
  error: 1 plat 4 at (793): implicit truncation of vector type
  error: 1 plat 4 at (800): implicit truncation of vector type
  error: 1 plat 4 at (835): implicit truncation of vector type
  error: 1 plat 4 at (836): implicit truncation of vector type
  error: 1 plat 4 at (837): implicit truncation of vector type
  error: 1 plat 4 at (842): implicit truncation of vector type
  error: 1 plat 4 at (848): implicit truncation of vector type
 ok=1 outsize=11122

Cmd: compileSnippet
  insize=29554 file=Assets/BruteForce-GrassShader/Shaders/HDRP/BruteForceHDRP/InteractiveGrassTerrainHDRP pass=GBuffer cachingPP=1 ppOnly=0 stripLineD=0 buildPlatform=19 rsLen=0 pKW=UNITY_ENABLE_REFLECTION_BUFFERS UNITY_USE_DITHER_MASK_FOR_ALPHABLENDED_SHADOWS UNITY_PBS_USE_BRDF1 UNITY_SPECCUBE_BOX_PROJECTION UNITY_SPECCUBE_BLENDING UNITY_ENABLE_DETAIL_NORMALMAP SHADER_API_DESKTOP UNITY_LIGHT_PROBE_PROXY_VOLUME UNITY_LIGHTMAP_FULL_HDR uKW=USE_RT USE_SC USE_SS USE_BMP DECALS_OFF dKW=_SURFACE_TYPE_TRANSPARENT LOD_FADE_CROSSFADE USE_VR USE_TP USE_BP USE_CS LIGHTMAP_ON DIRLIGHTMAP_COMBINED DECALS_3RT DECALS_4RT LIGHT_LAYERS FOG_LINEAR FOG_EXP FOG_EXP2 INSTANCING_ON _ALPHATEST_ON _DEPTHOFFSET_ON _DOUBLESIDED_ON _VERTEX_DISPLACEMENT _PIXEL_DISPLACEMENT _VERTEX_DISPLACEMENT_LOCK_OBJECT_SCALE _DISPLACEMENT_LOCK_TILING_SCALE _PIXEL_DISPLACEMENT_LOCK_OBJECT_SCALE _REFRACTION_PLANE _REFRACTION_SPHERE _REFRACTION_THIN _EMISSIVE_MAPPING_PLANAR _EMISSIVE_MAPPING_TRIPLANAR _MAPPING_PLANAR _MAPPING_TRIPLANAR _NORMALMAP_TANGENT_SPACE _REQUIRE_UV2 _REQUIRE_UV3 _NORMALMAP _MASKMAP _BENTNORMALMAP _EMISSIVE_COLOR_MAP _ENABLESPECULAROCCLUSION _SPECULAR_OCCLUSION_NONE _SPECULAR_OCCLUSION_FROM_BENT_NORMAL_MAP _HEIGHTMAP _TANGENTMAP _ANISOTROPYMAP _DETAIL_MAP _SUBSURFACE_MASK_MAP _THICKNESSMAP _IRIDESCENCE_THICKNESSMAP _SPECULARCOLORMAP _TRANSMITTANCECOLORMAP _DISABLE_DECALS _DISABLE_SSR _ENABLE_GEOMETRIC_SPECULAR_AA _BLENDMODE_ALPHA _BLENDMODE_ADD _BLENDMODE_PRE_MULTIPLY _BLENDMODE_PRESERVE_SPECULAR_LIGHTING _ENABLE_FOG_ON_TRANSPARENT _TRANSPARENT_WRITES_MOTION_VEC _MATERIAL_FEATURE_SUBSURFACE_SCATTERING _MATERIAL_FEATURE_TRANSMISSION _MATERIAL_FEATURE_ANISOTROPY _MATERIAL_FEATURE_CLEAR_COAT _MATERIAL_FEATURE_IRIDESCENCE _MATERIAL_FEATURE_SPECULAR_COLOR _ADD_PRECOMPUTED_VELOCITY UNITY_NO_DXT5nm UNITY_FRAMEBUFFER_FETCH_AVAILABLE UNITY_ENABLE_NATIVE_SHADOW_LOOKUPS UNITY_METAL_SHADOWS_USE_POINT_FILTERING UNITY_NO_SCREENSPACE_SHADOWS UNITY_PBS_USE_BRDF2 UNITY_PBS_USE_BRDF3 UNITY_NO_FULL_STANDARD_SHADER UNITY_HARDWARE_TIER1 UNITY_HARDWARE_TIER2 UNITY_HARDWARE_TIER3 UNITY_COLORSPACE_GAMMA UNITY_HALF_PRECISION_FRAGMENT_SHADER_REGISTERS UNITY_LIGHTMAP_DLDR_ENCODING UNITY_LIGHTMAP_RGBM_ENCODING UNITY_VIRTUAL_TEXTURING UNITY_PRETRANSFORM_TO_DISPLAY_ORIENTATION UNITY_ASTC_NORMALMAP_ENCODING SHADER_API_GLES30 UNITY_UNIFIED_SHADER_PRECISION_MODEL flags=0 lang=3 type=Geometry platform=d3d11 reqs=1105899 mask=14 start=285  error: 1 plat 4 at (487): implicit truncation of vector type
  error: 1 plat 4 at (489): 'TransformObjectToWorld': implicit truncation of vector type
  error: 1 plat 4 at (569): 'TransformObjectToWorld': implicit truncation of vector type
  error: 1 plat 4 at (570): 'TransformObjectToWorld': implicit truncation of vector type
  error: 1 plat 4 at (571): 'TransformObjectToWorld': implicit truncation of vector type
  error: 1 plat 4 at (616): implicit truncation of vector type
  error: 1 plat 4 at (617): implicit truncation of vector type
  error: 1 plat 4 at (618): implicit truncation of vector type
  error: 1 plat 4 at (670): implicit truncation of vector type
  error: 1 plat 4 at (683): implicit truncation of vector type
  error: 1 plat 4 at (684): implicit truncation of vector type
  error: 1 plat 4 at (697): implicit truncation of vector type
  error: 1 plat 4 at (711): implicit truncation of vector type
  error: 1 plat 4 at (713): implicit truncation of vector type
  error: 1 plat 4 at (714): implicit truncation of vector type
  error: 1 plat 4 at (715): implicit truncation of vector type
  error: 1 plat 4 at (716): implicit truncation of vector type
  error: 1 plat 4 at (717): implicit truncation of vector type
  error: 1 plat 4 at (718): implicit truncation of vector type
  error: 1 plat 4 at (719): implicit truncation of vector type
  error: 1 plat 4 at (740): implicit truncation of vector type
  error: 1 plat 4 at (741): implicit truncation of vector type
  error: 1 plat 4 at (742): implicit truncation of vector type
  error: 1 plat 4 at (743): implicit truncation of vector type
  error: 1 plat 4 at (744): implicit truncation of vector type
  error: 1 plat 4 at (745): implicit truncation of vector type
  error: 1 plat 4 at (746): implicit truncation of vector type
  error: 1 plat 4 at (747): implicit truncation of vector type
  error: 1 plat 4 at (749): implicit truncation of vector type
  error: 1 plat 4 at (769): implicit truncation of vector type
  error: 1 plat 4 at (778): implicit truncation of vector type
  error: 1 plat 4 at (779): implicit truncation of vector type
  error: 1 plat 4 at (780): implicit truncation of vector type
  error: 1 plat 4 at (781): implicit truncation of vector type
  error: 1 plat 4 at (782): implicit truncation of vector type
  error: 1 plat 4 at (783): implicit truncation of vector type
  error: 1 plat 4 at (784): implicit truncation of vector type
  error: 1 plat 4 at (785): implicit truncation of vector type
  error: 1 plat 4 at (787): implicit truncation of vector type
  error: 1 plat 4 at (788): implicit truncation of vector type
  error: 1 plat 4 at (789): implicit truncation of vector type
  error: 1 plat 4 at (790): implicit truncation of vector type
  error: 1 plat 4 at (791): implicit truncation of vector type
  error: 1 plat 4 at (792): implicit truncation of vector type
  error: 1 plat 4 at (793): implicit truncation of vector type
  error: 1 plat 4 at (800): implicit truncation of vector type
  error: 1 plat 4 at (835): implicit truncation of vector type
  error: 1 plat 4 at (836): implicit truncation of vector type
  error: 1 plat 4 at (837): implicit truncation of vector type
  error: 1 plat 4 at (842): implicit truncation of vector type
  error: 1 plat 4 at (848): implicit truncation of vector type
 ok=1 outsize=8006

